#1 [resolver] fetching image...docker.io/library/alpine:3.20
#1 DONE 0.0s

#2 [internal] load .dockerignore
#2 transferring context: 2B done
#2 DONE 0.0s

#3 oci-layout://docker.io/library/alpine:3.20@sha256:d9e853e87e55526f6b2917df91a2115c36dd7c696a35be12163d44e6e2a4b6bc
#3 resolve docker.io/library/alpine:3.20@sha256:d9e853e87e55526f6b2917df91a2115c36dd7c696a35be12163d44e6e2a4b6bc done
#3 DONE 0.0s

#4 [linux/arm64 1/9] RUN apk add --no-cache build-base git
#4 CACHED

#5 [linux/arm64 2/9] RUN apk add --no-cache cargo
#5 0.048 fetch https://dl-cdn.alpinelinux.org/alpine/v3.20/main/aarch64/APKINDEX.tar.gz
#5 0.202 fetch https://dl-cdn.alpinelinux.org/alpine/v3.20/community/aarch64/APKINDEX.tar.gz
#5 0.385 (1/7) Installing libffi (3.4.6-r0)
#5 0.400 (2/7) Installing xz-libs (5.8.3-r0)
#5 0.423 (3/7) Installing libxml2 (2.12.10-r0)
#5 0.449 (4/7) Installing llvm17-libs (17.0.6-r2)
#5 1.480 (5/7) Installing scudo-malloc (17.0.6-r0)
#5 1.497 (6/7) Installing rust (1.78.0-r1)
#5 5.448 (7/7) Installing cargo (1.78.0-r1)
#5 5.736 Executing busybox-1.36.1-r31.trigger
#5 5.740 OK: 886 MiB in 54 packages
#5 DONE 6.1s

#6 [linux/arm64/v8 3/9] WORKDIR /src
#6 DONE 0.0s

#7 [linux/arm64 4/9] RUN git clone --depth 1 https://github.com/zesterer/atto .
#7 0.035 Cloning into '.'...
#7 DONE 0.4s

#8 [linux/arm64 5/9] RUN cargo build --release
#8 0.240     Updating crates.io index
#8 0.963  Downloading crates ...
#8 1.153   Downloaded cfg-if v0.1.6
#8 1.160   Downloaded log v0.4.6
#8 1.163   Downloaded dirs v1.0.5
#8 1.202   Downloaded rustyline v3.0.0
#8 1.210   Downloaded memchr v2.2.0
#8 1.216   Downloaded void v1.0.2
#8 1.217   Downloaded utf8parse v0.1.1
#8 1.219   Downloaded unicode-width v0.1.5
#8 1.222   Downloaded bitflags v1.0.4
#8 1.231   Downloaded unicode-segmentation v1.2.1
#8 1.238   Downloaded nix v0.11.0
#8 1.250   Downloaded libc v0.2.49
#8 1.287    Compiling libc v0.2.49
#8 1.287    Compiling memchr v2.2.0
#8 1.498    Compiling nix v0.11.0
#8 1.561    Compiling cfg-if v0.1.6
#8 1.622    Compiling void v1.0.2
#8 1.655    Compiling bitflags v1.0.4
#8 1.831    Compiling dirs v1.0.5
#8 1.961 error[E0425]: cannot find value `MAP_32BIT` in crate `libc`
#8 1.961   --> /root/.cargo/registry/src/index.crates.io-6f17d22bba15001f/nix-0.11.0/src/sys/mman.rs:53:9
#8 1.961    |
#8 1.961 53 |         MAP_32BIT;
#8 1.961    |         ^^^^^^^^^ not found in `libc`
#8 1.961 
#8 2.053    Compiling log v0.4.6
#8 2.191    Compiling unicode-width v0.1.5
#8 2.232    Compiling utf8parse v0.1.1
#8 2.268    Compiling unicode-segmentation v1.2.1
#8 2.914 For more information about this error, try `rustc --explain E0425`.
#8 2.921 error: could not compile `nix` (lib) due to 1 previous error
#8 ERROR: process "/bin/sh -c cargo build --release" did not complete successfully: exit code: 101
------
 > [linux/arm64 5/9] RUN cargo build --release:
1.961   --> /root/.cargo/registry/src/index.crates.io-6f17d22bba15001f/nix-0.11.0/src/sys/mman.rs:53:9
1.961    |
1.961 53 |         MAP_32BIT;
1.961    |         ^^^^^^^^^ not found in `libc`
1.961 
 unicode-width v0.1.5
2.232    Compiling utf8parse v0.1.1
2.268    Compiling unicode-segmentation v1.2.1

2.921 error: could not compile `nix` (lib) due to 1 previous error
------
Error: unknown (2): failed to solve: process "/bin/sh -c cargo build --release" did not complete successfully: exit code: 101
