#1 [resolver] fetching image...docker.io/library/alpine:3.20
#1 DONE 0.0s

#2 [internal] load .dockerignore
#2 transferring context: 2B done
#2 DONE 0.0s

#3 oci-layout://docker.io/library/alpine:3.20@sha256:d9e853e87e55526f6b2917df91a2115c36dd7c696a35be12163d44e6e2a4b6bc
#3 resolve docker.io/library/alpine:3.20@sha256:d9e853e87e55526f6b2917df91a2115c36dd7c696a35be12163d44e6e2a4b6bc done
#3 DONE 0.0s

#4 [linux/arm64 1/7] RUN apk add --no-cache build-base git
#4 CACHED

#5 [linux/arm64/v8 2/7] WORKDIR /src
#5 CACHED

#6 [linux/arm64 3/7] RUN git clone --depth 1 https://github.com/ashinn/chibi-scheme .
#6 CACHED

#7 [linux/arm64 4/7] RUN make -j"$(nproc)" && make PREFIX=/usr/local install
#7 CACHED

#8 [linux/arm64 5/7] RUN LD_LIBRARY_PATH=/usr/local/lib chibi-scheme -e '(begin (display "ok-chibi") (newline))'     | tee /smoke.out && grep -q '^ok-chibi' /smoke.out
#8 0.277 ok-chibi
#8 DONE 0.3s

#9 [linux/arm64 6/7] RUN printf 'BINSIZE %s chibi-scheme\n' "$(stat -c %s "$(command -v chibi-scheme)")"
#9 0.037 BINSIZE 239224 chibi-scheme
#9 DONE 0.0s

#10 exporting to oci image format
#10 exporting layers
#10 exporting layers 1.4s done
#10 exporting manifest sha256:72243b740c56fe47b34747df653556ad10100bcbf2977242870c9c20d2abbb1b done
#10 exporting config sha256:5fc868279a9f5311fdc0bb71330a58366c7e2306fc75c63ced10d7e7c557d77a done
#10 exporting manifest list sha256:b81825164142e6bd856ae5ed33fea096b417c4fd2a2b4c79c9bb090ea197d3c4 done
#10 sending tarball
#10 sending tarball 0.8s done
#10 DONE 2.1s
Successfully built tinylang/chibi-scheme:latest
