#1 [resolver] fetching image...docker.io/library/alpine:3.20
#1 DONE 0.0s

#2 [internal] load .dockerignore
#2 transferring context: 2B done
#2 DONE 0.0s

#3 oci-layout://docker.io/library/alpine:3.20@sha256:d9e853e87e55526f6b2917df91a2115c36dd7c696a35be12163d44e6e2a4b6bc
#3 resolve docker.io/library/alpine:3.20@sha256:d9e853e87e55526f6b2917df91a2115c36dd7c696a35be12163d44e6e2a4b6bc done
#3 DONE 0.0s

#4 [linux/arm64 1/7] RUN apk add --no-cache build-base git
#4 CACHED

#5 [linux/arm64/v8 2/7] WORKDIR /src
#5 CACHED

#6 [linux/arm64 3/7] RUN git clone --depth 1 https://github.com/munificent/craftinginterpreters .
#6 0.042 Cloning into '.'...
#6 DONE 1.2s

#7 [linux/arm64 4/7] RUN make clox
#7 0.049 make[1]: Entering directory '/src'
#7 0.049       cc c/chunk.c                                -std=c99 -Wall -Wextra -Werror -Wno-unused-parameter -O3 -flto
#7 0.066       cc c/compiler.c                             -std=c99 -Wall -Wextra -Werror -Wno-unused-parameter -O3 -flto
#7 0.117       cc c/debug.c                                -std=c99 -Wall -Wextra -Werror -Wno-unused-parameter -O3 -flto
#7 0.135       cc c/main.c                                 -std=c99 -Wall -Wextra -Werror -Wno-unused-parameter -O3 -flto
#7 0.151       cc c/memory.c                               -std=c99 -Wall -Wextra -Werror -Wno-unused-parameter -O3 -flto
#7 0.170       cc c/object.c                               -std=c99 -Wall -Wextra -Werror -Wno-unused-parameter -O3 -flto
#7 0.191       cc c/scanner.c                              -std=c99 -Wall -Wextra -Werror -Wno-unused-parameter -O3 -flto
#7 0.213       cc c/table.c                                -std=c99 -Wall -Wextra -Werror -Wno-unused-parameter -O3 -flto
#7 0.234       cc c/value.c                                -std=c99 -Wall -Wextra -Werror -Wno-unused-parameter -O3 -flto
#7 0.251       cc c/vm.c                                   -std=c99 -Wall -Wextra -Werror -Wno-unused-parameter -O3 -flto
#7 0.292       cc build/clox                               -std=c99 -Wall -Wextra -Werror -Wno-unused-parameter -O3 -flto
#7 1.096 make[1]: Leaving directory '/src'
#7 DONE 1.1s

#8 [linux/arm64 5/7] RUN printf 'print 1 + 2;\n' > /smoke.lox     && ./clox /smoke.lox | tee /smoke.out && grep -q '^3$' /smoke.out
#8 0.046 3
#8 DONE 0.0s

#9 [linux/arm64 6/7] RUN printf 'BINSIZE %s clox\n' "$(stat -c %s ./clox)"
#9 0.029 BINSIZE 75752 clox
#9 DONE 0.0s

#10 exporting to oci image format
#10 exporting layers
#10 exporting layers 0.5s done
#10 exporting manifest sha256:235b16ebc6d70a98fe00500d0a3c8d3af8046ae1ae8882efc964b3ef9819c6d0 done
#10 exporting config sha256:bd64c2c629a886df2ebdd51b7b78c46b63abb2b9fbd3e1a1fc80793c4f78c2b9 done
#10 exporting manifest list sha256:697a9dfafbb935beeeb5fe7c5878e9e942f5163cc092a6802317bdecbc355715 done
#10 sending tarball
#10 sending tarball 0.7s done
#10 DONE 1.2s
Successfully built tinylang/clox:latest
