#1 [resolver] fetching image...docker.io/library/alpine:3.20
#1 DONE 0.0s

#2 [internal] load .dockerignore
#2 transferring context: 2B 0.0s done
#2 DONE 0.0s

#3 oci-layout://docker.io/library/alpine:3.20@sha256:d9e853e87e55526f6b2917df91a2115c36dd7c696a35be12163d44e6e2a4b6bc
#3 resolve docker.io/library/alpine:3.20@sha256:d9e853e87e55526f6b2917df91a2115c36dd7c696a35be12163d44e6e2a4b6bc done
#3 DONE 0.0s

#4 [linux/arm64 1/7] RUN apk add --no-cache build-base git binutils musl-dev
#4 CACHED

#5 [linux/arm64/v8 2/7] WORKDIR /src
#5 CACHED

#6 [linux/arm64 3/7] RUN git clone --depth 1 https://github.com/omenos/mirror-qbe qbe     && make -C qbe -j"$(nproc)"     && cp qbe/qbe /usr/local/bin/qbe
#6 0.044 Cloning into 'qbe'...
#6 0.794 make: Entering directory '/src/qbe'
#6 0.794 cc -std=c99 -g -Wall -Wextra -Wpedantic -c util.c -o util.o
#6 0.796 cc -std=c99 -g -Wall -Wextra -Wpedantic -c parse.c -o parse.o
#6 0.868 cc -std=c99 -g -Wall -Wextra -Wpedantic -c abi.c -o abi.o
#6 0.889 cc -std=c99 -g -Wall -Wextra -Wpedantic -c cfg.c -o cfg.o
#6 0.904 cc -std=c99 -g -Wall -Wextra -Wpedantic -c mem.c -o mem.o
#6 0.936 cc -std=c99 -g -Wall -Wextra -Wpedantic -c ssa.c -o ssa.o
#6 0.950 cc -std=c99 -g -Wall -Wextra -Wpedantic -c alias.c -o alias.o
#6 0.979 cc -std=c99 -g -Wall -Wextra -Wpedantic -c load.c -o load.o
#6 0.980 cc -std=c99 -g -Wall -Wextra -Wpedantic -c copy.c -o copy.o
#6 1.021 cc -std=c99 -g -Wall -Wextra -Wpedantic -c fold.c -o fold.o
#6 1.025 cc -std=c99 -g -Wall -Wextra -Wpedantic -c gvn.c -o gvn.o
#6 1.058 cc -std=c99 -g -Wall -Wextra -Wpedantic -c gcm.c -o gcm.o
#6 1.070 cc -std=c99 -g -Wall -Wextra -Wpedantic -c simpl.c -o simpl.o
#6 1.097 cc -std=c99 -g -Wall -Wextra -Wpedantic -c ifopt.c -o ifopt.o
#6 1.100 cc -std=c99 -g -Wall -Wextra -Wpedantic -c live.c -o live.o
#6 1.123 cc -std=c99 -g -Wall -Wextra -Wpedantic -c spill.c -o spill.o
#6 1.134 cc -std=c99 -g -Wall -Wextra -Wpedantic -c rega.c -o rega.o
#6 1.174 cc -std=c99 -g -Wall -Wextra -Wpedantic -c emit.c -o emit.o
#6 1.198 cc -std=c99 -g -Wall -Wextra -Wpedantic -c amd64/targ.c -o amd64/targ.o
#6 1.204 cc -std=c99 -g -Wall -Wextra -Wpedantic -c amd64/sysv.c -o amd64/sysv.o
#6 1.222 cc -std=c99 -g -Wall -Wextra -Wpedantic -c amd64/isel.c -o amd64/isel.o
#6 1.264 cc -std=c99 -g -Wall -Wextra -Wpedantic -c amd64/emit.c -o amd64/emit.o
#6 1.288 cc -std=c99 -g -Wall -Wextra -Wpedantic -c amd64/winabi.c -o amd64/winabi.o
#6 1.321 cc -std=c99 -g -Wall -Wextra -Wpedantic -c arm64/targ.c -o arm64/targ.o
#6 1.340 cc -std=c99 -g -Wall -Wextra -Wpedantic -c arm64/abi.c -o arm64/abi.o
#6 1.341 cc -std=c99 -g -Wall -Wextra -Wpedantic -c arm64/isel.c -o arm64/isel.o
#6 1.378 cc -std=c99 -g -Wall -Wextra -Wpedantic -c arm64/emit.c -o arm64/emit.o
#6 1.406 cc -std=c99 -g -Wall -Wextra -Wpedantic -c rv64/targ.c -o rv64/targ.o
#6 1.426 cc -std=c99 -g -Wall -Wextra -Wpedantic -c rv64/abi.c -o rv64/abi.o
#6 1.427 cc -std=c99 -g -Wall -Wextra -Wpedantic -c rv64/isel.c -o rv64/isel.o
#6 1.463 cc -std=c99 -g -Wall -Wextra -Wpedantic -c rv64/emit.c -o rv64/emit.o
#6 1.482 cc -std=c99 -g -Wall -Wextra -Wpedantic -c main.c -o main.o
#6 1.511 cc  main.o util.o parse.o abi.o cfg.o mem.o ssa.o alias.o load.o  copy.o fold.o gvn.o gcm.o simpl.o ifopt.o live.o spill.o rega.o  emit.o amd64/targ.o amd64/sysv.o amd64/isel.o amd64/emit.o amd64/winabi.o arm64/targ.o arm64/abi.o arm64/isel.o arm64/emit.o rv64/targ.o rv64/abi.o rv64/isel.o rv64/emit.o -o qbe
#6 1.522 make: Leaving directory '/src/qbe'
#6 DONE 1.5s

#7 [linux/arm64 4/7] RUN git clone --depth 1 https://github.com/michaelforney/cproc cproc     && cd cproc && ./configure --with-qbe=/usr/local/bin/qbe && make -j"$(nproc)"     && cp cproc cproc-qbe /usr/local/bin/    # driver spawns cproc-qbe alongside it
#7 0.029 Cloning into 'cproc'...
#7 0.519 checking host system type... aarch64-alpine-linux-musl
#7 0.520 checking target system type... aarch64-alpine-linux-musl
#7 0.522 creating config.h... done
#7 0.522 creating config.mk... done
#7 0.526 cc -Wall -Wpedantic -Wno-parentheses -Wno-switch -g -pipe -c -o driver.o driver.c
#7 0.526 cc -Wall -Wpedantic -Wno-parentheses -Wno-switch -g -pipe -c -o util.o util.c
#7 0.556 cc -Wall -Wpedantic -Wno-parentheses -Wno-switch -g -pipe -c -o attr.o attr.c
#7 0.580 cc -Wall -Wpedantic -Wno-parentheses -Wno-switch -g -pipe -c -o decl.o decl.c
#7 0.582 cc -Wall -Wpedantic -Wno-parentheses -Wno-switch -g -pipe -c -o eval.o eval.c
#7 0.610 cc -Wall -Wpedantic -Wno-parentheses -Wno-switch -g -pipe -c -o expr.o expr.c
#7 0.649 cc -Wall -Wpedantic -Wno-parentheses -Wno-switch -g -pipe -c -o init.o init.c
#7 0.681 cc -Wall -Wpedantic -Wno-parentheses -Wno-switch -g -pipe -c -o main.o main.c
#7 0.696 cc -Wall -Wpedantic -Wno-parentheses -Wno-switch -g -pipe -c -o map.o map.c
#7 0.702 cc -Wall -Wpedantic -Wno-parentheses -Wno-switch -g -pipe -c -o pp.o pp.c
#7 0.718 cc -Wall -Wpedantic -Wno-parentheses -Wno-switch -g -pipe -c -o scan.o scan.c
#7 0.744 cc -Wall -Wpedantic -Wno-parentheses -Wno-switch -g -pipe -c -o scope.o scope.c
#7 0.749 cc -Wall -Wpedantic -Wno-parentheses -Wno-switch -g -pipe -c -o stmt.o stmt.c
#7 0.768 cc -Wall -Wpedantic -Wno-parentheses -Wno-switch -g -pipe -c -o targ.o targ.c
#7 0.779 cc -Wall -Wpedantic -Wno-parentheses -Wno-switch -g -pipe -c -o token.o token.c
#7 0.787 cc -Wall -Wpedantic -Wno-parentheses -Wno-switch -g -pipe -c -o tree.o tree.c
#7 0.804 cc -Wall -Wpedantic -Wno-parentheses -Wno-switch -g -pipe -c -o type.o type.c
#7 0.807 cc -Wall -Wpedantic -Wno-parentheses -Wno-switch -g -pipe -c -o utf.o utf.c
#7 0.824 cc -Wall -Wpedantic -Wno-parentheses -Wno-switch -g -pipe -c -o qbe.o qbe.c
#7 0.833 cc  -o cproc ./driver.o ./util.o
#7 0.902 cc  -o cproc-qbe ./attr.o ./decl.o ./eval.o ./expr.o ./init.o ./main.o ./map.o ./pp.o ./scan.o ./scope.o ./stmt.o ./targ.o ./token.o ./tree.o ./type.o ./utf.o ./util.o ./qbe.o
#7 DONE 0.9s

#8 [linux/arm64 5/7] RUN printf '#include <stdio.h>\nint main(){printf("ok-cproc\\n");return 0;}\n' > /smoke.c     && cproc -o /smoke /smoke.c && /smoke | tee /smoke.out     && grep -q '^ok-cproc' /smoke.out
#8 0.040 ok-cproc
#8 DONE 0.0s

#9 [linux/arm64 6/7] RUN printf 'BINSIZE %s cproc\n' "$(stat -c %s /usr/local/bin/cproc)"
#9 0.022 BINSIZE 87728 cproc
#9 DONE 0.0s

#10 exporting to oci image format
#10 exporting layers
#10 exporting layers 5.5s done
#10 exporting manifest sha256:eec022cfa5655d1414c582777922fac5a85b31f5ad87aca59389b25f9a11fee6 done
#10 exporting config sha256:71b1211187f8f84a9105e44ade3a0f38c6a4d869e8ff508b831672a302d24bc9 done
#10 exporting manifest list sha256:8d977fe527364f270044d4fab3f42276287896d9e2d982901a26c6c4ad04f05f done
#10 sending tarball
#10 sending tarball 0.7s done
#10 DONE 6.2s
Successfully built tinylang/cproc:latest
