#1 [resolver] fetching image...docker.io/library/alpine:3.20
#1 DONE 0.0s

#2 [internal] load .dockerignore
#2 transferring context: 2B done
#2 DONE 0.0s

#3 oci-layout://docker.io/library/alpine:3.20@sha256:d9e853e87e55526f6b2917df91a2115c36dd7c696a35be12163d44e6e2a4b6bc
#3 resolve docker.io/library/alpine:3.20@sha256:d9e853e87e55526f6b2917df91a2115c36dd7c696a35be12163d44e6e2a4b6bc done
#3 DONE 0.0s

#4 [linux/arm64 1/7] RUN apk add --no-cache build-base git
#4 CACHED

#5 [linux/arm64/v8 2/7] WORKDIR /src
#5 CACHED

#6 [linux/arm64 3/7] RUN git clone --depth 1 https://github.com/rxi/fe .
#6 0.056 Cloning into '.'...
#6 DONE 0.6s

#7 [linux/arm64 4/7] RUN cc -O2 -DFE_STANDALONE src/fe.c -o fe
#7 DONE 0.3s

#8 [linux/arm64 5/7] RUN printf '(print "ok-fe")\n' > /smoke.fe     && ./fe /smoke.fe | tee /smoke.out && grep -q 'ok-fe' /smoke.out
#8 0.026 ok-fe
#8 DONE 0.0s

#9 [linux/arm64 6/7] RUN printf 'BINSIZE %s fe\n' "$(stat -c %s ./fe)"
#9 0.026 BINSIZE 75264 fe
#9 DONE 0.0s

#10 exporting to oci image format
#10 exporting layers 0.0s done
#10 exporting manifest sha256:2206129eece1c991f76479688daa360d41673b736db7361360076bd725f2e11d done
#10 exporting config sha256:694ff2771bd85c552286a7ed125c3a7d7c355a21b12d3d79046f6e83774507f5 done
#10 exporting manifest list sha256:10a3ce1446083e50e06d25b8ea16440b34e89359ba8bade89b4ed854b6adf132 done
#10 sending tarball
#10 sending tarball 0.6s done
#10 DONE 0.6s
Successfully built tinylang/fe:latest
