#1 [resolver] fetching image...docker.io/library/alpine:3.20
#1 DONE 0.0s

#2 [internal] load .dockerignore
#2 transferring context: 2B done
#2 DONE 0.0s

#3 oci-layout://docker.io/library/alpine:3.20@sha256:d9e853e87e55526f6b2917df91a2115c36dd7c696a35be12163d44e6e2a4b6bc
#3 resolve docker.io/library/alpine:3.20@sha256:d9e853e87e55526f6b2917df91a2115c36dd7c696a35be12163d44e6e2a4b6bc done
#3 DONE 0.0s

#4 [linux/arm64 4/7] RUN make -j"$(nproc)"
#4 CACHED

#5 [linux/arm64/v8 2/7] WORKDIR /src
#5 CACHED

#6 [linux/arm64 1/7] RUN apk add --no-cache build-base git readline-dev
#6 CACHED

#7 [linux/arm64 3/7] RUN git clone --depth 1 https://github.com/lua/lua .
#7 CACHED

#8 [linux/arm64 5/7] RUN printf 'print("ok " .. _VERSION)\n' > /smoke.lua     && ./lua /smoke.lua | tee /smoke.out     && grep -q '^ok Lua' /smoke.out
#8 CACHED

#9 [linux/arm64 6/7] RUN printf 'BINSIZE %s %s\n' "$(stat -c %s ./lua)" "lua"
#9 0.043 BINSIZE 370640 lua
#9 DONE 0.0s

#10 exporting to oci image format
#10 exporting layers 0.0s done
#10 exporting manifest sha256:f8d7f057e77b42876c16846badb7d82ebd0f43c8e63375a6838b3973ecbb4cff done
#10 exporting config sha256:1b069e13a8d05871cf8f6751af38523005e558020bfccfcfa7c243ed610d8302 done
#10 exporting manifest list sha256:0d6c2b52ab2fbcf0d3b515cfbdd969f7d054b73e888725ee3b133cd3120e9f20 done
#10 sending tarball
#10 sending tarball 0.6s done
#10 DONE 0.6s
Successfully built tinylang/lua:latest
