#1 [resolver] fetching image...docker.io/library/alpine:3.20
#1 DONE 0.0s

#2 [internal] load .dockerignore
#2 transferring context: 2B done
#2 DONE 0.0s

#3 oci-layout://docker.io/library/alpine:3.20@sha256:d9e853e87e55526f6b2917df91a2115c36dd7c696a35be12163d44e6e2a4b6bc
#3 resolve docker.io/library/alpine:3.20@sha256:d9e853e87e55526f6b2917df91a2115c36dd7c696a35be12163d44e6e2a4b6bc done
#3 CACHED

#4 [linux/arm64  1/10] RUN apk add --no-cache build-base
#4 0.038 fetch https://dl-cdn.alpinelinux.org/alpine/v3.20/main/aarch64/APKINDEX.tar.gz
#4 0.294 fetch https://dl-cdn.alpinelinux.org/alpine/v3.20/community/aarch64/APKINDEX.tar.gz
#4 0.662 (1/21) Installing libgcc (13.2.1_git20240309-r1)
#4 0.682 (2/21) Installing jansson (2.14-r4)
#4 0.703 (3/21) Installing libstdc++ (13.2.1_git20240309-r1)
#4 0.747 (4/21) Installing zstd-libs (1.5.6-r0)
#4 0.768 (5/21) Installing binutils (2.42-r1)
#4 0.853 (6/21) Installing libmagic (5.45-r1)
#4 0.889 (7/21) Installing file (5.45-r1)
#4 0.906 (8/21) Installing libgomp (13.2.1_git20240309-r1)
#4 0.933 (9/21) Installing libatomic (13.2.1_git20240309-r1)
#4 0.951 (10/21) Installing gmp (6.3.0-r1)
#4 0.978 (11/21) Installing isl26 (0.26-r1)
#4 1.012 (12/21) Installing mpfr4 (4.2.1-r0)
#4 1.038 (13/21) Installing mpc1 (1.3.1-r1)
#4 1.057 (14/21) Installing gcc (13.2.1_git20240309-r1)
#4 1.956 (15/21) Installing libstdc++-dev (13.2.1_git20240309-r1)
#4 2.050 (16/21) Installing musl-dev (1.2.5-r3)
#4 2.124 (17/21) Installing g++ (13.2.1_git20240309-r1)
#4 2.422 (18/21) Installing make (4.4.1-r2)
#4 2.444 (19/21) Installing fortify-headers (1.1-r3)
#4 2.461 (20/21) Installing patch (2.7.6-r10)
#4 2.483 (21/21) Installing build-base (0.5-r3)
#4 2.499 Executing busybox-1.36.1-r31.trigger
#4 2.502 OK: 213 MiB in 35 packages
#4 DONE 2.7s

#5 [linux/arm64  2/10] RUN apk add --no-cache wget
#5 0.043 fetch https://dl-cdn.alpinelinux.org/alpine/v3.20/main/aarch64/APKINDEX.tar.gz
#5 0.192 fetch https://dl-cdn.alpinelinux.org/alpine/v3.20/community/aarch64/APKINDEX.tar.gz
#5 0.367 (1/4) Installing libunistring (1.2-r0)
#5 0.400 (2/4) Installing libidn2 (2.3.7-r0)
#5 0.420 (3/4) Installing pcre2 (10.43-r0)
#5 0.446 (4/4) Installing wget (1.24.5-r0)
#5 0.471 Executing busybox-1.36.1-r31.trigger
#5 0.476 OK: 216 MiB in 39 packages
#5 DONE 0.5s

#6 [linux/arm64/v8  3/10] WORKDIR /src
#6 DONE 0.0s

#7 [linux/arm64  4/10] RUN wget -q https://ftp.gnu.org/gnu/m4/m4-1.4.19.tar.gz && tar xf m4-1.4.19.tar.gz
#7 DONE 1.2s

#8 [linux/arm64/v8  5/10] WORKDIR /src/m4-1.4.19
#8 DONE 0.0s

#9 [linux/arm64  6/10] RUN ./configure && make -j"$(nproc)"
#9 0.045 checking for a BSD-compatible install... /usr/bin/install -c
#9 0.144 checking whether build environment is sane... yes
#9 0.147 checking for a race-free mkdir -p... ./build-aux/install-sh -c -d
#9 0.149 checking for gawk... no
#9 0.149 checking for mawk... no
#9 0.149 checking for nawk... no
#9 0.149 checking for awk... awk
#9 0.150 checking whether make sets $(MAKE)... yes
#9 0.152 checking whether make supports nested variables... yes
#9 0.155 checking whether make supports nested variables... (cached) yes
#9 0.155 checking for gcc... gcc
#9 0.164 checking whether the C compiler works... yes
#9 0.195 checking for C compiler default output file name... a.out
#9 0.195 checking for suffix of executables... 
#9 0.212 checking whether we are cross compiling... no
#9 0.230 checking for suffix of object files... o
#9 0.242 checking whether the compiler supports GNU C... yes
#9 0.254 checking whether gcc accepts -g... yes
#9 0.269 checking for gcc option to enable C11 features... none needed
#9 0.311 checking whether gcc understands -c and -o together... yes
#9 0.336 checking whether the compiler is clang... no
#9 0.349 checking for compiler option needed when checking for declarations... none
#9 0.349 checking whether make supports the include directive... yes (GNU style)
#9 0.351 checking dependency style of gcc... gcc3
#9 0.367 checking for stdio.h... yes
#9 0.380 checking for stdlib.h... yes
#9 0.393 checking for string.h... yes
#9 0.406 checking for inttypes.h... yes
#9 0.420 checking for stdint.h... yes
#9 0.433 checking for strings.h... yes
#9 0.447 checking for sys/stat.h... yes
#9 0.461 checking for sys/types.h... yes
#9 0.475 checking for unistd.h... yes
#9 0.493 checking for wchar.h... yes
#9 0.510 checking for minix/config.h... no
#9 0.525 checking for pthread.h... yes
#9 0.541 checking for sys/param.h... yes
#9 0.556 checking for sys/socket.h... yes
#9 0.572 checking for dirent.h... yes
#9 0.588 checking for stdio_ext.h... yes
#9 0.605 checking for getopt.h... yes
#9 0.621 checking for sys/cdefs.h... no
#9 0.635 checking for threads.h... yes
#9 0.651 checking for iconv.h... yes
#9 0.667 checking for limits.h... yes
#9 0.683 checking for crtdefs.h... no
#9 0.699 checking for wctype.h... yes
#9 0.717 checking for langinfo.h... yes
#9 0.732 checking for xlocale.h... no
#9 0.748 checking for math.h... yes
#9 0.766 checking for sys/mman.h... yes
#9 0.783 checking for malloc.h... yes
#9 0.800 checking for spawn.h... yes
#9 0.818 checking for sys/time.h... yes
#9 0.835 checking for sys/random.h... yes
#9 0.852 checking for sys/wait.h... yes
#9 0.869 checking for features.h... yes
#9 0.886 checking for arpa/inet.h... yes
#9 0.904 checking for semaphore.h... yes
#9 0.921 checking for netdb.h... yes
#9 0.937 checking for netinet/in.h... yes
#9 0.953 checking for sys/select.h... yes
#9 0.968 checking for sys/ioctl.h... yes
#9 0.983 checking for sys/uio.h... yes
#9 0.998 checking whether it is safe to define __EXTENSIONS__... yes
#9 1.018 checking whether _XOPEN_SOURCE should be defined... no
#9 1.037 checking build system type... aarch64-unknown-linux-musl
#9 1.059 checking host system type... aarch64-unknown-linux-musl
#9 1.059 checking how to run the C preprocessor... gcc -E
#9 1.092 checking for grep that handles long lines and -e... /bin/grep
#9 1.107 checking for egrep... /bin/grep -E
#9 1.108 checking for Minix Amsterdam compiler... no
#9 1.115 checking for ar... ar
#9 1.116 checking for ranlib... ranlib
#9 1.116 checking whether to use C++... no
#9 1.116 checking for _LARGEFILE_SOURCE value needed for large files... no
#9 1.138 checking for special C compiler options needed for large files... no
#9 1.138 checking for _FILE_OFFSET_BITS value needed for large files... no
#9 1.154 configure: autobuild project... GNU M4
#9 1.154 configure: autobuild revision... 1.4.19
#9 1.154 configure: autobuild hostname... buildkitsandbox
#9 1.154 configure: autobuild timestamp... 20260628T140122Z
#9 1.155 checking for unsigned long long int... yes
#9 1.175 checking for long long int... yes
#9 1.194 checking for unsigned long long int... (cached) yes
#9 1.195 checking for size_t... yes
#9 1.228 checking for working alloca.h... yes
#9 1.245 checking for alloca... yes
#9 1.245 checking for inline... inline
#9 1.256 checking whether <wchar.h> uses 'inline' correctly... yes
#9 1.256 checking for btowc... yes
#9 1.275 checking for canonicalize_file_name... no
#9 1.295 checking for faccessat... yes
#9 1.315 checking for realpath... yes
#9 1.334 checking for lstat... yes
#9 1.353 checking for _set_invalid_parameter_handler... no
#9 1.373 checking for fchdir... yes
#9 1.394 checking for fcntl... yes
#9 1.414 checking for symlink... yes
#9 1.434 checking for fdopendir... yes
#9 1.453 checking for mempcpy... yes
#9 1.474 checking for fpurge... yes
#9 1.493 checking for __fpurge... yes
#9 1.514 checking for __freadahead... yes
#9 1.534 checking for __freading... yes
#9 1.553 checking for fstatat... yes
#9 1.574 checking for getdtablesize... yes
#9 1.596 checking for getprogname... no
#9 1.616 checking for getexecname... no
#9 1.638 checking for getrandom... yes
#9 1.659 checking for iswcntrl... yes
#9 1.681 checking for iswblank... yes
#9 1.701 checking for uselocale... yes
#9 1.721 checking for newlocale... yes
#9 1.741 checking for duplocale... yes
#9 1.761 checking for freelocale... yes
#9 1.782 checking for mbsinit... yes
#9 1.803 checking for mbrtowc... yes
#9 1.824 checking for mbslen... no
#9 1.844 checking for mprotect... yes
#9 1.864 checking for mkstemp... yes
#9 1.885 checking for nl_langinfo... yes
#9 1.906 checking for openat... yes
#9 1.926 checking for pipe... yes
#9 1.944 checking for pipe2... yes
#9 1.964 checking for posix_spawn_file_actions_addchdir_np... yes
#9 1.984 checking for posix_spawn_file_actions_addchdir... no
#9 2.004 checking for readlink... yes
#9 2.023 checking for isblank... yes
#9 2.044 checking for iswctype... yes
#9 2.064 checking for link... yes
#9 2.082 checking for secure_getenv... yes
#9 2.103 checking for getuid... yes
#9 2.123 checking for geteuid... yes
#9 2.142 checking for getgid... yes
#9 2.169 checking for getegid... yes
#9 2.183 checking for sigaction... yes
#9 2.203 checking for sigaltstack... yes
#9 2.222 checking for siginterrupt... yes
#9 2.241 checking for setrlimit... yes
#9 2.260 checking for getrlimit... yes
#9 2.278 checking for snprintf... yes
#9 2.298 checking for strerror_r... yes
#9 2.320 checking for __xpg_strerror_r... yes
#9 2.340 checking for strndup... yes
#9 2.362 checking for vasnprintf... no
#9 2.383 checking for wcrtomb... yes
#9 2.404 checking for wcwidth... yes
#9 2.424 checking for explicit_bzero... yes
#9 2.444 checking for memset_s... no
#9 2.464 checking for ftruncate... yes
#9 2.483 checking for gettimeofday... yes
#9 2.502 checking for pthread_sigmask... yes
#9 2.520 checking for setenv... yes
#9 2.542 checking for sleep... yes
#9 2.562 checking for catgets... yes
#9 2.582 checking for shutdown... yes
#9 2.602 checking for mquery... no
#9 2.624 checking for pstat_getprocvm... no
#9 2.646 checking for wctob... yes
#9 2.666 checking for nl_langinfo and CODESET... yes
#9 2.685 checking for a traditional french locale... none
#9 2.712 checking whether malloc is ptrdiff_t safe... yes
#9 2.726 checking whether malloc, realloc, calloc set errno on failure... yes
#9 2.726 checking whether lstat correctly handles trailing slash... yes
#9 2.752 checking whether // is distinct from /... no
#9 2.753 checking whether realpath works... nearly
#9 2.786 checking for getcwd... yes
#9 2.806 checking whether the preprocessor supports include_next... yes
#9 2.820 checking whether source code line length is unlimited... yes
#9 2.828 checking for gcc options needed to detect all undeclared functions... none needed
#9 2.854 checking if environ is properly declared... yes
#9 2.866 checking for complete errno.h... yes
#9 2.874 checking whether strerror_r is declared... yes
#9 2.894 checking whether strerror_r returns char *... no
#9 2.905 checking for mode_t... yes
#9 2.940 checking for sig_atomic_t... yes
#9 2.966 checking whether fchdir is declared... yes
#9 2.987 checking for working fcntl.h... yes
#9 4.020 checking for pid_t... yes
#9 4.071 checking for eaccess... yes
#9 4.093 checking whether frexp() can be used without linking with libm... yes
#9 4.114 checking whether alarm is declared... yes
#9 4.136 checking whether long double and double are the same... no
#9 4.146 checking whether stdin defaults to large file offsets... yes
#9 4.166 checking whether fseeko is declared... yes
#9 4.189 checking for fseeko... yes
#9 4.211 checking whether fflush works on input streams... yes
#9 4.241 checking whether stat file-mode macros are broken... no
#9 4.253 checking for C/C++ restrict keyword... __restrict__
#9 4.270 checking for nlink_t... yes
#9 4.297 checking whether ftello is declared... yes
#9 4.318 checking whether ungetc works on arbitrary bytes... yes
#9 4.345 checking for ftello... yes
#9 4.368 checking whether ftello works... yes
#9 4.403 checking whether getcwd (NULL, 0) allocates memory for result... yes
#9 4.427 checking for getcwd with POSIX signature... yes
#9 4.443 checking whether getcwd is declared... yes
#9 4.463 checking whether getdtablesize is declared... yes
#9 4.485 checking for getopt.h... (cached) yes
#9 4.485 checking for getopt_long_only... yes
#9 4.505 checking whether getopt is POSIX compatible... no
#9 4.584 checking for pthread.h... (cached) yes
#9 4.605 checking for pthread_kill in -lpthread... yes
#9 4.624 checking whether POSIX threads API is available... yes
#9 4.642 checking whether setlocale (LC_ALL, NULL) is multithread-safe... no
#9 4.642 checking whether setlocale (category, NULL) is multithread-safe... yes
#9 4.642 checking whether imported symbols can be declared weak... yes
#9 4.687 checking host CPU and C ABI... arm64
#9 4.707 checking for ld used by gcc... /usr/aarch64-alpine-linux-musl/bin/ld
#9 4.711 checking if the linker (/usr/aarch64-alpine-linux-musl/bin/ld) is GNU ld... yes
#9 4.712 checking for shared library run path origin... done
#9 4.718 checking 32-bit host C ABI... no
#9 4.719 checking for ELF binary format... yes
#9 4.727 checking for the common suffixes of directories in the library search path... lib,lib,lib
#9 4.732 checking for iconv... yes
#9 4.752 checking for working iconv... yes
#9 4.787 checking whether iconv is compatible with its POSIX signature... yes
#9 4.803 checking whether limits.h has LLONG_MAX, WORD_BIT, ULLONG_WIDTH etc.... no
#9 4.814 checking for wint_t... yes
#9 4.831 checking whether wint_t is large enough... yes
#9 4.850 checking whether the compiler produces multi-arch binaries... no
#9 4.861 checking whether stdint.h conforms to C99... yes
#9 4.913 checking whether stdint.h works without ISO C predefines... yes
#9 4.932 checking whether stdint.h has UINTMAX_WIDTH etc.... no
#9 4.946 checking where to find the exponent in a 'double'... word 1 bit 20
#9 4.983 checking where to find the exponent in a 'float'... word 0 bit 23
#9 5.015 checking whether byte ordering is bigendian... no
#9 5.051 checking whether iswcntrl works... yes
#9 5.073 checking for towlower... yes
#9 5.094 checking for wctype_t... yes
#9 5.110 checking for wctrans_t... yes
#9 5.127 checking for a traditional japanese locale... none
#9 5.155 checking for a french Unicode locale... none
#9 5.181 checking for a transitional chinese locale... none
#9 5.211 checking whether langinfo.h defines CODESET... yes
#9 5.225 checking whether langinfo.h defines T_FMT_AMPM... yes
#9 5.240 checking whether langinfo.h defines ALTMON_1... no
#9 5.251 checking whether langinfo.h defines ERA... yes
#9 5.264 checking whether langinfo.h defines YESEXPR... yes
#9 5.277 checking for wchar_t... yes
#9 5.291 checking for good max_align_t... yes
#9 5.304 checking whether NULL can be used in arbitrary expressions... yes
#9 5.317 checking whether locale.h defines locale_t... yes
#9 5.331 checking whether locale.h conforms to POSIX:2001... yes
#9 5.345 checking whether struct lconv is properly defined... yes
#9 5.360 checking for LC_MESSAGES... yes
#9 5.379 checking whether uselocale works... yes
#9 5.398 checking for fake locale system (OpenBSD)... no
#9 5.418 checking for Solaris 11.4 locale system... no
#9 5.418 checking for getlocalename_l... no
#9 5.438 checking for CFPreferencesCopyAppValue... no
#9 5.448 checking for CFLocaleCopyPreferredLanguages... no
#9 5.459 checking for multithread API to use... none
#9 5.459 checking for a sed that does not truncate output... /bin/sed
#9 5.461 checking whether malloc (0) returns nonnull... yes
#9 5.482 checking whether NAN macro works... yes
#9 5.499 checking whether HUGE_VAL works... yes
#9 5.514 checking for mbstate_t... yes
#9 5.535 checking for mmap... yes
#9 5.555 checking for MAP_ANONYMOUS... yes
#9 5.562 checking whether memchr works... yes
#9 5.595 checking whether memrchr is declared... yes
#9 5.614 checking whether <limits.h> defines MIN and MAX... no
#9 5.624 checking whether <sys/param.h> defines MIN and MAX... yes
#9 5.638 checking for O_CLOEXEC... yes
#9 5.651 checking for promoted mode_t type... mode_t
#9 5.661 checking for library containing posix_spawn... none required
#9 5.680 checking for posix_spawn... yes
#9 5.699 checking whether posix_spawn is declared... yes
#9 5.714 checking whether posix_spawn works... yes
#9 5.801 checking whether posix_spawn rejects scripts without shebang... yes
#9 5.826 checking whether posix_spawnp rejects scripts without shebang... yes
#9 5.852 checking whether posix_spawnattr_setschedpolicy is supported... yes
#9 5.859 checking whether posix_spawnattr_setschedparam is supported... yes
#9 5.867 checking for sigset_t... yes
#9 5.893 checking for SIGPIPE... yes
#9 5.899 checking for sched.h... yes
#9 5.910 checking for struct sched_param... yes
#9 5.936 checking for uid_t in sys/types.h... yes
#9 5.944 checking for volatile sig_atomic_t... yes
#9 5.970 checking for sighandler_t... yes
#9 5.995 checking whether C symbols are prefixed with underscore at the linker level... no
#9 6.008 checking whether snprintf returns a byte count as in C99... yes
#9 6.035 checking whether snprintf is declared... yes
#9 6.057 checking for posix_spawnattr_t... yes
#9 6.082 checking for posix_spawn_file_actions_t... yes
#9 6.108 checking for stdbool.h that conforms to C99... yes
#9 6.126 checking for _Bool... yes
#9 6.163 checking whether fcloseall is declared... no
#9 6.181 checking which flavor of printf attribute matches inttypes macros... system
#9 6.197 checking whether ecvt is declared... yes
#9 6.218 checking whether fcvt is declared... yes
#9 6.240 checking whether gcvt is declared... yes
#9 6.261 checking whether strdup is declared... yes
#9 6.281 checking whether strerror(0) succeeds... yes
#9 6.304 checking for strerror_r with POSIX signature... yes
#9 6.319 checking whether strerror_r works... yes
#9 6.346 checking whether strndup is declared... yes
#9 6.367 checking whether strnlen is declared... yes
#9 6.388 checking whether strsignal is declared... yes
#9 6.410 checking whether strstr works... yes
#9 6.430 checking whether ldexp() can be used without linking with libm... yes
#9 6.451 checking for struct timespec in <time.h>... yes
#9 6.465 checking for TIME_UTC in <time.h>... yes
#9 6.480 checking whether execvpe is declared... yes
#9 6.500 checking whether clearerr_unlocked is declared... yes
#9 6.522 checking whether feof_unlocked is declared... yes
#9 6.544 checking whether ferror_unlocked is declared... yes
#9 6.565 checking whether fflush_unlocked is declared... yes
#9 6.586 checking whether fgets_unlocked is declared... yes
#9 6.607 checking whether fputc_unlocked is declared... yes
#9 6.628 checking whether fputs_unlocked is declared... yes
#9 6.649 checking whether fread_unlocked is declared... yes
#9 6.668 checking whether fwrite_unlocked is declared... yes
#9 6.688 checking whether getc_unlocked is declared... yes
#9 6.708 checking whether getchar_unlocked is declared... yes
#9 6.728 checking whether putc_unlocked is declared... yes
#9 6.748 checking whether putchar_unlocked is declared... yes
#9 6.768 checking for inttypes.h... yes
#9 6.785 checking for stdint.h... yes
#9 6.801 checking for intmax_t... yes
#9 6.817 checking whether snprintf truncates the result as in C99... yes
#9 6.843 checking for snprintf... (cached) yes
#9 6.843 checking for strnlen... yes
#9 6.865 checking for wcslen... yes
#9 6.885 checking for wcsnlen... yes
#9 6.905 checking for mbrtowc... (cached) yes
#9 6.905 checking for wcrtomb... (cached) yes
#9 6.906 checking whether _snprintf is declared... no
#9 6.919 checking whether printf supports size specifiers as in C99... yes
#9 6.952 checking whether printf supports 'long double' arguments... yes
#9 6.979 checking whether printf supports infinite 'double' arguments... yes
#9 7.026 checking whether printf supports infinite 'long double' arguments... yes
#9 7.080 checking whether printf supports the 'a' and 'A' directives... yes
#9 7.124 checking whether printf supports the 'F' directive... yes
#9 7.155 checking whether printf supports the 'n' directive... yes
#9 7.185 checking whether printf supports the 'ls' directive... yes
#9 7.217 checking whether printf supports the grouping flag... yes
#9 7.242 checking whether printf supports the left-adjust flag correctly... yes
#9 7.265 checking whether printf supports the zero flag correctly... yes
#9 7.291 checking whether printf supports large precisions... yes
#9 7.319 checking whether printf survives out-of-memory conditions... yes
#9 7.351 checking whether wcsdup is declared... yes
#9 7.368 checking whether <sys/socket.h> is self-contained... yes
#9 7.383 checking for shutdown... (cached) yes
#9 7.383 checking whether <sys/socket.h> defines the SHUT_* macros... yes
#9 7.398 checking for struct sockaddr_storage... yes
#9 7.424 checking for sa_family_t... yes
#9 7.451 checking for struct sockaddr_storage.ss_family... yes
#9 7.466 checking for library needed for semaphore functions... none
#9 7.484 checking for struct timeval... yes
#9 7.500 checking for wide-enough struct timeval.tv_sec member... yes
#9 7.515 checking for IPv4 sockets... yes
#9 7.532 checking for IPv6 sockets... yes
#9 7.550 checking for off_t... yes
#9 7.602 checking whether INT32_MAX < INTMAX_MAX... yes
#9 7.617 checking whether INT64_MAX == LONG_MAX... yes
#9 7.632 checking whether UINT32_MAX < UINTMAX_MAX... yes
#9 7.647 checking whether UINT64_MAX == ULONG_MAX... yes
#9 7.662 checking whether <sys/select.h> is self-contained... yes
#9 7.715 checking for library containing setsockopt... none needed
#9 7.734 checking whether select supports a 0 argument... yes
#9 7.756 checking whether select detects invalid fds... yes
#9 7.781 checking for pthread_t... yes
#9 7.818 checking for pthread_spinlock_t... yes
#9 7.855 checking for PTHREAD_CREATE_DETACHED... yes
#9 7.871 checking for PTHREAD_MUTEX_RECURSIVE... yes
#9 7.887 checking for PTHREAD_MUTEX_ROBUST... yes
#9 7.903 checking for PTHREAD_PROCESS_SHARED... yes
#9 7.919 checking whether setenv is declared... yes
#9 7.940 checking for search.h... yes
#9 7.956 checking for tsearch... yes
#9 7.976 checking whether <sys/ioctl.h> declares ioctl... yes
#9 7.991 checking whether unsetenv is declared... yes
#9 8.011 checking for alloca as a compiler built-in... yes
#9 8.018 checking whether to enable assertions... yes
#9 8.018 checking whether btowc(0) is correct... yes
#9 8.039 checking whether btowc(EOF) is correct... guessing yes
#9 8.039 checking for __builtin_expect... yes
#9 8.058 checking whether calloc (0, n) and calloc (n, 0) return nonnull... yes
#9 8.084 checking whether this system supports file names of any length... no
#9 8.093 checking for library containing clock_gettime... none required
#9 8.114 checking for clock_gettime... yes
#9 8.135 checking for clock_settime... yes
#9 8.155 checking for closedir... yes
#9 8.177 checking for d_ino member in directory struct... yes
#9 8.203 checking for dirfd... yes
#9 8.225 checking whether dirfd is declared... yes
#9 8.241 checking whether dirfd is a macro... no
#9 8.249 checking whether // is distinct from /... (cached) no
#9 8.249 checking whether dup works... yes
#9 8.270 checking whether dup2 works... yes
#9 8.300 checking for error_at_line... no
#9 8.310 checking whether fflush works on input streams... (cached) yes
#9 8.310 checking whether fclose works on input streams... yes
#9 8.337 checking whether fcntl handles F_DUPFD correctly... yes
#9 8.365 checking whether fcntl understands F_DUPFD_CLOEXEC... needs runtime check
#9 8.400 checking whether fdopendir is declared... yes
#9 8.418 checking whether fdopendir works... yes
#9 8.443 checking whether fflush works on input streams... (cached) yes
#9 8.443 checking for flexible array member... yes
#9 8.463 checking whether conversion from 'int' to 'long double' works... yes
#9 8.485 checking whether fopen recognizes a trailing slash... yes
#9 8.508 checking whether fopen supports the mode character 'x'... yes
#9 8.533 checking whether fopen supports the mode character 'e'... yes
#9 8.558 checking for __fpending... yes
#9 8.581 checking whether __fpending is declared... yes
#9 8.600 checking whether fpurge is declared... no
#9 8.614 checking whether fpurge works... yes
#9 8.644 checking whether free is known to preserve errno... no
#9 8.656 checking whether frexp works... yes
#9 8.690 checking whether frexpl is declared... yes
#9 8.707 checking whether frexpl() can be used without linking with libm... yes
#9 8.729 checking whether frexpl works... yes
#9 8.762 checking for fseeko... (cached) yes
#9 8.762 checking whether fflush works on input streams... (cached) yes
#9 8.763 checking whether fstatat (..., 0) works... yes
#9 8.785 checking for ftello... (cached) yes
#9 8.785 checking whether ftello works... (cached) yes
#9 8.785 checking whether getcwd handles long file names properly... no, but it is partly working
#9 8.880 checking for getpagesize... yes
#9 8.900 checking whether getcwd succeeds when 4k < cwd_length < 16k... yes
#9 8.933 checking whether getdtablesize works... yes
#9 8.952 checking for getpagesize... (cached) yes
#9 8.953 checking whether getpagesize is declared... yes
#9 8.973 checking whether program_invocation_name is declared... yes
#9 8.988 checking whether program_invocation_short_name is declared... yes
#9 9.004 checking whether __argv is declared... no
#9 9.016 checking whether getrandom is compatible with its GNU+BSD signature... yes
#9 9.041 checking whether the compiler generally respects inline... yes
#9 9.055 checking whether isnan(double) can be used without linking with libm... yes
#9 9.076 checking whether isnan(float) can be used without linking with libm... yes
#9 9.100 checking whether isnan(float) works... yes
#9 9.123 checking whether isnan(long double) can be used without linking with libm... yes
#9 9.143 checking whether isnanl works... yes
#9 9.169 checking whether iswblank is declared... yes
#9 9.186 checking whether iswdigit is ISO C compliant... guessing yes
#9 9.186 checking whether iswxdigit is ISO C compliant... guessing yes
#9 9.186 checking whether the compiler supports the __inline keyword... yes
#9 9.199 checking whether lseek detects pipes... yes
#9 9.222 checking whether malloc (0) returns nonnull... (cached) yes
#9 9.222 checking whether mbrtowc handles incomplete characters... guessing yes
#9 9.222 checking whether mbrtowc works as well as mbtowc... guessing yes
#9 9.222 checking whether mbrtowc handles a NULL pwc argument... guessing yes
#9 9.222 checking whether mbrtowc handles a NULL string argument... guessing yes
#9 9.222 checking whether mbrtowc has a correct return value... guessing yes
#9 9.222 checking whether mbrtowc returns 0 when parsing a NUL character... guessing yes
#9 9.222 checking whether mbrtowc stores incomplete characters... guessing no
#9 9.222 checking whether mbrtowc works on empty input... yes
#9 9.244 checking whether the C locale is free of encoding errors... yes
#9 9.272 checking whether mbrtowc handles incomplete characters... (cached) guessing yes
#9 9.272 checking whether mbrtowc works as well as mbtowc... (cached) guessing yes
#9 9.272 checking for mbtowc... yes
#9 9.293 checking for mempcpy... (cached) yes
#9 9.293 checking for memrchr... yes
#9 9.311 checking whether mkdir handles trailing slash... yes
#9 9.331 checking whether mkdir handles trailing dot... yes
#9 9.352 checking for mkdtemp... yes
#9 9.373 checking for working mkstemp... yes
#9 9.404 checking whether YESEXPR works... yes
#9 9.423 checking for obstacks that work with any size object... no
#9 9.432 checking whether open recognizes a trailing slash... yes
#9 9.455 checking for opendir... yes
#9 9.474 checking whether posix_spawn_file_actions_addclose works... yes
#9 9.494 checking whether posix_spawn_file_actions_adddup2 works... no
#9 9.514 checking whether posix_spawn_file_actions_addopen works... no
#9 9.536 checking whether frexp works... (cached) yes
#9 9.536 checking whether ldexp can be used without linking with libm... (cached) yes
#9 9.536 checking whether frexpl() can be used without linking with libm... (cached) yes
#9 9.536 checking whether frexpl works... (cached) yes
#9 9.537 checking whether frexpl is declared... (cached) yes
#9 9.538 checking whether ldexpl() can be used without linking with libm... yes
#9 9.560 checking whether ldexpl works... yes
#9 9.583 checking whether ldexpl is declared... yes
#9 9.600 checking whether program_invocation_name is declared... (cached) yes
#9 9.601 checking whether program_invocation_short_name is declared... (cached) yes
#9 9.601 checking for raise... yes
#9 9.620 checking for sigprocmask... yes
#9 9.639 checking for rawmemchr... no
#9 9.661 checking for readdir... yes
#9 9.681 checking whether readlink signature is correct... yes
#9 9.696 checking whether readlink handles trailing slash correctly... yes
#9 9.718 checking whether readlink truncates results correctly... yes
#9 9.741 checking whether realloc (0, 0) returns nonnull... yes
#9 9.762 checking for reallocarray... yes
#9 9.783 checking for working re_compile_pattern... no
#9 9.806 checking for libintl.h... no
#9 9.823 checking whether isblank is declared... yes
#9 9.839 checking whether rename honors trailing slash on destination... yes
#9 9.865 checking whether rename honors trailing slash on source... yes
#9 9.892 checking whether rename manages hard links correctly... yes
#9 9.920 checking whether rename manages existing destinations correctly... yes
#9 9.945 checking for rewinddir... yes
#9 9.966 checking whether rmdir works... yes
#9 9.993 checking whether setlocale supports the C locale... yes
#9 10.01 checking whether setlocale (LC_ALL, NULL) is multithread-safe... (cached) no
#9 10.01 checking whether setlocale (category, NULL) is multithread-safe... (cached) yes
#9 10.01 checking whether imported symbols can be declared weak... (cached) yes
#9 10.01 checking whether the -Werror option is usable... yes
#9 10.03 checking for simple visibility declarations... yes
#9 10.04 checking for struct sigaction.sa_sigaction... yes
#9 10.06 checking for signbit macro... yes
#9 10.09 checking for signbit compiler built-ins... yes
#9 10.12 checking for sigprocmask... (cached) yes
#9 10.12 checking for stack direction... grows down
#9 10.12 checking for stack_t... yes
#9 10.15 checking for working sigaltstack... yes
#9 10.18 checking for correct stack_t interpretation... yes
#9 10.21 checking for stdint.h... (cached) yes
#9 10.21 checking for SIZE_MAX... yes
#9 10.22 checking for snprintf... (cached) yes
#9 10.22 checking whether snprintf respects a size of 1... yes
#9 10.24 checking whether printf supports POSIX/XSI format strings with positions... yes
#9 10.26 checking for ssize_t... yes
#9 10.27 checking whether stat handles trailing slashes on files... yes
#9 10.30 checking for struct stat.st_atim.tv_nsec... yes
#9 10.31 checking whether struct stat.st_atim is of type struct timespec... yes
#9 10.33 checking for struct stat.st_birthtimespec.tv_nsec... no
#9 10.35 checking for struct stat.st_birthtimensec... no
#9 10.37 checking for struct stat.st_birthtim.tv_nsec... no
#9 10.39 checking for working stdalign.h... yes
#9 10.41 checking for va_copy... yes
#9 10.42 checking for stpcpy... yes
#9 10.44 checking for strchrnul... yes
#9 10.46 checking whether strchrnul works... yes
#9 10.48 checking for working strerror function... yes
#9 10.50 checking for working strndup... yes
#9 10.52 checking for working strnlen... yes
#9 10.55 checking for strsignal... yes
#9 10.57 checking whether strsignal always returns a string... yes
#9 10.59 checking whether strstr works in linear time... yes
#9 10.63 checking whether strstr works... (cached) yes
#9 10.63 checking whether strtod obeys C99... yes
#9 10.66 checking for sys/single_threaded.h... no
#9 10.68 checking for ptrdiff_t... yes
#9 10.72 checking for vasprintf... yes
#9 10.74 checking for vasprintf... (cached) yes
#9 10.74 checking for waitid... yes
#9 10.76 checking whether mbrtowc handles incomplete characters... (cached) guessing yes
#9 10.76 checking whether mbrtowc works as well as mbtowc... (cached) guessing yes
#9 10.76 checking whether wcrtomb works in the C locale... yes
#9 10.79 checking whether wcrtomb return value is correct... guessing yes
#9 10.79 checking whether wcwidth is declared... yes
#9 10.81 checking whether wcwidth works reasonably in UTF-8 locales... yes
#9 10.83 checking for stdint.h... (cached) yes
#9 10.83 checking for a traditional french locale... (cached) none
#9 10.83 checking for a french Unicode locale... (cached) none
#9 10.83 checking for a traditional french locale... (cached) none
#9 10.83 checking for a turkish Unicode locale... none
#9 10.86 checking whether open recognizes a trailing slash... (cached) yes
#9 10.86 checking for close_range... no
#9 10.88 checking whether fdopen sets errno... yes
#9 10.91 checking whether freopen works on closed fds... yes
#9 10.93 checking for gettimeofday with POSIX signature... yes
#9 10.94 checking for library containing inet_pton... none required
#9 10.96 checking whether inet_pton is declared... yes
#9 10.98 checking whether byte ordering is bigendian... (cached) no
#9 10.98 checking for ioctl... yes
#9 11.00 checking for ioctl with POSIX signature... yes
#9 11.02 checking where to find the exponent in a 'double'... (cached) word 1 bit 20
#9 11.02 checking where to find the exponent in a 'float'... (cached) word 0 bit 23
#9 11.02 checking where to find the exponent in a 'long double'... word 3 bit 16
#9 11.06 checking for a traditional french locale... (cached) none
#9 11.06 checking for a french Unicode locale... (cached) none
#9 11.06 checking for a traditional japanese locale... (cached) none
#9 11.06 checking for a transitional chinese locale... (cached) none
#9 11.06 checking for a traditional french locale... (cached) none
#9 11.06 checking for a french Unicode locale... (cached) none
#9 11.06 checking for a traditional japanese locale... (cached) none
#9 11.06 checking for a transitional chinese locale... (cached) none
#9 11.06 checking whether link obeys POSIX... yes
#9 11.08 checking for a traditional french locale... (cached) none
#9 11.08 checking for a french Unicode locale... (cached) none
#9 11.08 checking for a traditional japanese locale... (cached) none
#9 11.08 checking for a transitional chinese locale... (cached) none
#9 11.08 checking for a french Unicode locale... (cached) none
#9 11.08 checking for a french Unicode locale... (cached) none
#9 11.08 checking for a transitional chinese locale... (cached) none
#9 11.08 checking for library containing nanosleep... none required
#9 11.10 checking for working nanosleep... no (mishandles large arguments)
#9 12.14 checking whether <netinet/in.h> is self-contained... yes
#9 12.18 checking for a traditional french locale... (cached) none
#9 12.18 checking for a french Unicode locale... (cached) none
#9 12.18 checking whether perror matches strerror... yes
#9 12.22 checking whether pthread_create exists as a global function... yes
#9 12.24 checking whether pthread_sigmask is a macro... no
#9 12.25 checking whether pthread_sigmask works without -lpthread... yes
#9 12.28 checking whether pthread_sigmask returns error numbers... yes
#9 12.30 checking whether pthread_sigmask unblocks signals correctly... guessing yes
#9 14.34 checking for putenv compatible with GNU and SVID... yes
#9 14.40 checking whether sched_yield is declared... yes
#9 14.42 checking whether select supports a 0 argument... (cached) yes
#9 14.42 checking whether select detects invalid fds... (cached) yes
#9 14.42 checking whether setenv validates arguments... yes
#9 14.45 checking for a traditional french locale... (cached) none
#9 14.45 checking for a french Unicode locale... (cached) none
#9 14.45 checking for a traditional japanese locale... (cached) none
#9 14.45 checking for a transitional chinese locale... (cached) none
#9 14.45 checking whether sleep is declared... yes
#9 14.47 checking for working sleep... yes
#9 15.50 checking for socklen_t... yes
#9 15.55 checking for a traditional french locale... (cached) none
#9 15.55 checking for a french Unicode locale... (cached) none
#9 15.55 checking whether symlink handles trailing slash correctly... yes
#9 15.58 checking for unsetenv... yes
#9 15.60 checking for unsetenv() return type... int
#9 15.62 checking whether unsetenv obeys POSIX... yes
#9 15.65 checking for a traditional french locale... (cached) none
#9 15.65 checking for a french Unicode locale... (cached) none
#9 15.65 checking for a traditional japanese locale... (cached) none
#9 15.65 checking for a transitional chinese locale... (cached) none
#9 15.65 checking whether wctob works... guessing yes
#9 15.65 checking whether wctob is declared... yes
#9 15.67 checking whether an open file can be renamed... yes
#9 15.70 checking if changeword is wanted... no
#9 15.70 checking which shell to use for syscmd... /bin/sh
#9 15.70 checking if malloc debugging is wanted... no
#9 15.70 checking whether NLS is requested... yes
#9 15.70 checking for msgfmt... no
#9 15.70 checking for gmsgfmt... :
#9 15.70 checking for xgettext... no
#9 15.70 checking for msgmerge... no
#9 15.70 checking for CFPreferencesCopyAppValue... (cached) no
#9 15.70 checking for CFLocaleCopyPreferredLanguages... (cached) no
#9 15.70 checking for GNU gettext in libc... no
#9 15.72 checking for iconv... (cached) yes
#9 15.72 checking for working iconv... (cached) yes
#9 15.72 checking for GNU gettext in libintl... no
#9 15.73 checking whether to use NLS... no
#9 15.76 checking that generated files are newer than configure... done
#9 15.76 configure: creating ./config.status
#9 15.81 config.status: creating Makefile
#9 15.83 config.status: creating doc/Makefile
#9 15.86 config.status: creating lib/Makefile
#9 15.91 config.status: creating po/Makefile.in
#9 15.92 config.status: creating src/Makefile
#9 15.95 config.status: creating tests/Makefile
#9 16.01 config.status: creating checks/Makefile
#9 16.04 config.status: creating examples/Makefile
#9 16.06 config.status: creating lib/config.h
#9 16.08 config.status: executing depfiles commands
#9 16.69 config.status: executing stamp-h commands
#9 16.69 config.status: executing po-directories commands
#9 16.70 config.status: creating po/POTFILES
#9 16.70 config.status: creating po/Makefile
#9 16.75 make  all-recursive
#9 16.76 make[1]: Entering directory '/src/m4-1.4.19'
#9 16.76 Making all in .
#9 16.77 make[2]: Entering directory '/src/m4-1.4.19'
#9 16.78 make[2]: Nothing to be done for 'all-am'.
#9 16.78 make[2]: Leaving directory '/src/m4-1.4.19'
#9 16.78 Making all in examples
#9 16.78 make[2]: Entering directory '/src/m4-1.4.19/examples'
#9 16.78 make[2]: Nothing to be done for 'all'.
#9 16.78 make[2]: Leaving directory '/src/m4-1.4.19/examples'
#9 16.78 Making all in lib
#9 16.80 make[2]: Entering directory '/src/m4-1.4.19/lib'
#9 16.80   GEN      alloca.h
#9 16.80   GEN      configmake.h
#9 16.80   GEN      dirent.h
#9 16.80   GEN      fcntl.h
#9 16.81   GEN      getopt.h
#9 16.81   GEN      getopt-cdefs.h
#9 16.81   GEN      iconv.h
#9 16.81   GEN      inttypes.h
#9 16.81   GEN      langinfo.h
#9 16.81   GEN      limits.h
#9 16.82   GEN      locale.h
#9 16.82   GEN      math.h
#9 16.82   GEN      sched.h
#9 16.83   GEN      signal.h
#9 16.85   GEN      sigsegv.h
#9 16.86   GEN      spawn.h
#9 16.92   GEN      stdint.h
#9 16.95   GEN      stdio.h
#9 17.03   GEN      stdlib.h
#9 17.05   GEN      string.h
#9 17.10   GEN      sys/random.h
#9 17.11   GEN      sys/stat.h
#9 17.11   GEN      sys/types.h
#9 17.11   GEN      sys/wait.h
#9 17.11   GEN      time.h
#9 17.12   GEN      unistd.h
#9 17.13   GEN      unistr.h
#9 17.13   GEN      unitypes.h
#9 17.13   GEN      uniwidth.h
#9 17.13   GEN      wchar.h
#9 17.21   GEN      wctype.h
#9 17.26 make  all-am
#9 17.27 make[3]: Entering directory '/src/m4-1.4.19/lib'
#9 17.27   CC       asyncsafe-spin.o
#9 17.27   CC       openat-proc.o
#9 17.30   CC       gl_avltree_oset.o
#9 17.31   CC       basename-lgpl.o
#9 17.34   CC       binary-io.o
#9 17.36   CC       bitrotate.o
#9 17.38   CC       c-ctype.o
#9 17.42   CC       c-stack.o
#9 17.44   CC       c-strcasecmp.o
#9 17.46   CC       c-strncasecmp.o
#9 17.46   CC       canonicalize.o
#9 17.48   CC       clean-temp.o
#9 17.49 canonicalize.c: In function 'canonicalize_filename_mode':
#9 17.49 canonicalize.c:484:5: warning: #warning "GCC might issue a bogus -Wreturn-local-addr warning here." [-Wcpp]
#9 17.49   484 |    #warning "GCC might issue a bogus -Wreturn-local-addr warning here."
#9 17.49       |     ^~~~~~~
#9 17.49 canonicalize.c:485:5: warning: #warning "See <https://gcc.gnu.org/bugzilla/show_bug.cgi?id=93644>." [-Wcpp]
#9 17.49   485 |    #warning "See <https://gcc.gnu.org/bugzilla/show_bug.cgi?id=93644>."
#9 17.49       |     ^~~~~~~
#9 17.57   CC       clean-temp-simple.o
#9 17.61   CC       cloexec.o
#9 17.63   CC       close-stream.o
#9 17.65   CC       closein.o
#9 17.66   CC       closeout.o
#9 17.68   CC       concat-filename.o
#9 17.69   CC       dirname.o
#9 17.71   CC       basename.o
#9 17.72   CC       dirname-lgpl.o
#9 17.73   CC       stripslash.o
#9 17.75   CC       execute.o
#9 17.76   CC       exitfail.o
#9 17.77   CC       fatal-signal.o
#9 17.81   CC       fd-hook.o
#9 17.83   CC       fd-safer-flag.o
#9 17.83   CC       dup-safer-flag.o
#9 17.86   CC       file-set.o
#9 17.86   CC       filenamecat.o
#9 17.88   CC       filenamecat-lgpl.o
#9 17.89   CC       findprog-in.o
#9 17.91   CC       fopen-safer.o
#9 17.94   CC       freading.o
#9 17.94   CC       getprogname.o
#9 17.95   CC       hard-locale.o
#9 17.97   CC       hash.o
#9 17.98   CC       hash-pjw.o
#9 17.99   CC       hash-triple-simple.o
#9 18.02   CC       gl_linked_list.o
#9 18.12   CC       gl_linkedhash_list.o
#9 18.16   CC       gl_list.o
#9 18.22   CC       localcharset.o
#9 18.25   CC       localename.o
#9 18.29   CC       localename-table.o
#9 18.30   CC       malloca.o
#9 18.33   CC       math.o
#9 18.34   CC       mbchar.o
#9 18.35   CC       mbiter.o
#9 18.37   CC       mbslen.o
#9 18.39   CC       mbsstr.o
#9 18.41   CC       mbuiter.o
#9 18.45   CC       memchr2.o
#9 18.48   CC       openat-die.o
#9 18.51   CC       gl_oset.o
#9 18.51   CC       pipe2.o
#9 18.54   CC       pipe2-safer.o
#9 18.54   CC       printf-frexp.o
#9 18.56   CC       printf-frexpl.o
#9 18.56   CC       progname.o
#9 18.58   CC       propername.o
#9 18.59   CC       quotearg.o
#9 18.62   CC       save-cwd.o
#9 18.66   CC       malloc/scratch_buffer_dupfree.o
#9 18.69   CC       malloc/scratch_buffer_grow.o
#9 18.71   CC       malloc/scratch_buffer_grow_preserve.o
#9 18.74   CC       malloc/scratch_buffer_set_array_size.o
#9 18.77   CC       setlocale_null.o
#9 18.81   CC       sig-handler.o
#9 18.83   CC       sigsegv.o
#9 18.88   CC       stackvma.o
#9 18.90   CC       spawn-pipe.o
#9 18.97   CC       stat-time.o
#9 18.99   CC       mkstemp-safer.o
#9 19.00   CC       striconv.o
#9 19.01   CC       strnlen1.o
#9 19.03   CC       tempname.o
#9 19.05   CC       glthread/threadlib.o
#9 19.06   CC       glthread/tls.o
#9 19.07   CC       tmpdir.o
#9 19.09   CC       trim.o
#9 19.12   CC       unistd.o
#9 19.13   CC       dup-safer.o
#9 19.16   CC       fd-safer.o
#9 19.16   CC       pipe-safer.o
#9 19.18   CC       verror.o
#9 19.18   CC       version-etc.o
#9 19.21   CC       version-etc-fsf.o
#9 19.23   CC       wait-process.o
#9 19.23   CC       wctype-h.o
#9 19.25   CC       xmalloc.o
#9 19.28   CC       xalloc-die.o
#9 19.31   CC       gl_xlist.o
#9 19.32   CC       xmalloca.o
#9 19.34   CC       gl_xoset.o
#9 19.35   CC       xprintf.o
#9 19.36   CC       xsize.o
#9 19.38   CC       xstriconv.o
#9 19.39   CC       xstrndup.o
#9 19.41   CC       xvasprintf.o
#9 19.41   CC       xasprintf.o
#9 19.43   CC       asnprintf.o
#9 19.45   CC       canonicalize-lgpl.o
#9 19.45   CC       chdir-long.o
#9 19.47 canonicalize-lgpl.c: In function 'rpl_realpath':
#9 19.47 canonicalize-lgpl.c:439:5: warning: #warning "GCC might issue a bogus -Wreturn-local-addr warning here." [-Wcpp]
#9 19.47   439 |    #warning "GCC might issue a bogus -Wreturn-local-addr warning here."
#9 19.47       |     ^~~~~~~
#9 19.47 canonicalize-lgpl.c:440:5: warning: #warning "See <https://gcc.gnu.org/bugzilla/show_bug.cgi?id=93644>." [-Wcpp]
#9 19.47   440 |    #warning "See <https://gcc.gnu.org/bugzilla/show_bug.cgi?id=93644>."
#9 19.47       |     ^~~~~~~
#9 19.50   CC       error.o
#9 19.54   CC       fcntl.o
#9 19.55   CC       free.o
#9 19.58   CC       getcwd.o
#9 19.58   CC       getcwd-lgpl.o
#9 19.60   CC       getopt.o
#9 19.65   CC       getopt1.o
#9 19.67   CC       nl_langinfo.o
#9 19.70   CC       obstack.o
#9 19.72   CC       printf-args.o
#9 19.75   CC       printf-parse.o
#9 19.77   CC       rawmemchr.o
#9 19.80   CC       regex.o
#9 19.89   CC       setlocale.o
#9 19.91   CC       setlocale-lock.o
#9 19.93   CC       spawn_faction_addchdir.o
#9 19.96   CC       spawn_faction_adddup2.o
#9 19.98   CC       spawn_faction_addopen.o
#9 20.00   CC       vasnprintf.o
#9 20.22   CC       malloc/dynarray_at_failure.o
#9 20.25   CC       malloc/dynarray_emplace_enlarge.o
#9 20.28   CC       malloc/dynarray_finalize.o
#9 20.31   CC       malloc/dynarray_resize.o
#9 20.34   CC       malloc/dynarray_resize_clear.o
#9 20.36   CC       glthread/lock.o
#9 20.37   CC       unistr/u8-mbtoucr.o
#9 20.40   CC       unistr/u8-uctomb.o
#9 20.41   CC       unistr/u8-uctomb-aux.o
#9 20.43   CC       uniwidth/width.o
#9 21.67   AR       libm4.a
#9 21.69 make[3]: Leaving directory '/src/m4-1.4.19/lib'
#9 21.69 make[2]: Leaving directory '/src/m4-1.4.19/lib'
#9 21.69 Making all in src
#9 21.70 make[2]: Entering directory '/src/m4-1.4.19/src'
#9 21.70   CC       m4.o
#9 21.70   CC       builtin.o
#9 21.81   CC       debug.o
#9 21.93   CC       eval.o
#9 22.09   CC       format.o
#9 22.21   CC       freeze.o
#9 22.32   CC       input.o
#9 22.36   CC       macro.o
#9 22.46   CC       output.o
#9 22.58   CC       path.o
#9 22.64   CC       symtab.o
#9 22.72   CCLD     m4
#9 22.74 make[2]: Leaving directory '/src/m4-1.4.19/src'
#9 22.74 Making all in doc
#9 22.74 make[2]: Entering directory '/src/m4-1.4.19/doc'
#9 22.74 make[2]: Nothing to be done for 'all'.
#9 22.74 make[2]: Leaving directory '/src/m4-1.4.19/doc'
#9 22.74 Making all in checks
#9 22.75 make[2]: Entering directory '/src/m4-1.4.19/checks'
#9 22.75 make[2]: Nothing to be done for 'all'.
#9 22.75 make[2]: Leaving directory '/src/m4-1.4.19/checks'
#9 22.75 Making all in po
#9 22.75 make[2]: Entering directory '/src/m4-1.4.19/po'
#9 22.75 make[2]: Nothing to be done for 'all'.
#9 22.75 make[2]: Leaving directory '/src/m4-1.4.19/po'
#9 22.75 Making all in tests
#9 22.77 make[2]: Entering directory '/src/m4-1.4.19/tests'
#9 22.77   GEN      ctype.h
#9 22.77   GEN      test-posix_spawn-dup2-stdout.sh
#9 22.77   GEN      arpa/inet.h
#9 22.77   GEN      test-posix_spawn-dup2-stdin.sh
#9 22.78   GEN      pthread.h
#9 22.79   GEN      sys/ioctl.h
#9 22.79   GEN      sys/select.h
#9 22.80   GEN      sys/socket.h
#9 22.81   GEN      sys/time.h
#9 22.81   GEN      sys/uio.h
#9 22.86 make  all-recursive
#9 22.89 make[3]: Entering directory '/src/m4-1.4.19/tests'
#9 22.89 Making all in .
#9 22.91 make[4]: Entering directory '/src/m4-1.4.19/tests'
#9 22.91   CC       locale.o
#9 22.91   CC       gl_array_list.o
#9 22.94   CC       gl_array_oset.o
#9 23.03   CC       findprog.o
#9 23.04   CC       imaxtostr.o
#9 23.06   CC       inttostr.o
#9 23.07   CC       offtostr.o
#9 23.08   CC       uinttostr.o
#9 23.09   CC       umaxtostr.o
#9 23.11   CC       read-file.o
#9 23.11   CC       sockets.o
#9 23.13   CC       sys_socket.o
#9 23.15   CC       vma-iter.o
#9 23.17   CC       xconcat-filename.o
#9 23.19   CC       nanosleep.o
#9 23.21   CC       pthread_sigmask.o
#9 23.21   CC       test-localcharset.o
#9 23.23   CC       glthread/thread.o
#9 23.26   AR       libtests.a
#9 23.26   CCLD     current-locale
#9 23.26   CCLD     test-localcharset
#9 23.26 make[4]: Leaving directory '/src/m4-1.4.19/tests'
#9 23.26 make[3]: Leaving directory '/src/m4-1.4.19/tests'
#9 23.26 make[2]: Leaving directory '/src/m4-1.4.19/tests'
#9 23.27 make[1]: Leaving directory '/src/m4-1.4.19'
#9 DONE 23.3s

#10 [linux/arm64  7/10] RUN cp src/m4 /usr/local/bin/m4
#10 DONE 0.0s

#11 [linux/arm64  8/10] RUN printf 'define(greet,ok-m4)greet\n' | m4 | tee /smoke.out && grep -q '^ok-m4' /smoke.out
#11 0.032 ok-m4
#11 DONE 0.0s

#12 [linux/arm64  9/10] RUN printf 'BINSIZE %s m4\n' "$(stat -c %s /usr/local/bin/m4)"
#12 0.019 BINSIZE 1200744 m4
#12 DONE 0.0s

#13 exporting to oci image format
#13 exporting layers
#13 exporting layers 5.1s done
#13 exporting manifest sha256:40508d6c8db3c3f26e9f86f8f37fe26beb7570fcb0bfb606a2186f4cb6a3258c done
#13 exporting config sha256:c815a7ada453efc861188a3d37606399baca9fc3cfd60aa6111851ef5a950f71 done
#13 exporting manifest list sha256:572245dc64ac5943438fc7fcdd27adcec501a7e19f1ffb9cbe1ef8d87df39745 done
#13 sending tarball
#13 sending tarball 0.7s done
#13 DONE 5.7s
Successfully built tinylang/m4:latest
