#1 [resolver] fetching image...docker.io/library/debian:bookworm-slim
#1 DONE 0.0s

#2 [internal] load .dockerignore
#2 transferring context: 2B done
#2 DONE 0.0s

#3 oci-layout://docker.io/library/debian:bookworm-slim@sha256:60eac759739651111db372c07be67863818726f754804b8707c90979bda511df
#3 resolve docker.io/library/debian:bookworm-slim@sha256:60eac759739651111db372c07be67863818726f754804b8707c90979bda511df done
#3 DONE 0.0s

#4 [internal] load build context
#4 transferring context: 10.92kB 0.0s done
#4 DONE 0.0s

#5 [linux/arm64 14/20] RUN sed 's/^f3 00 /b7 00 /' mes/lib/linux/riscv64-mes/elf64-header.hex2 > /b/header.hex2     && grep -q '^b7 00 ' /b/header.hex2     && cp mes/lib/linux/riscv64-mes/elf64-footer-single-main.hex2 /b/footer.hex2
#5 CACHED

#6 [linux/arm64/v8 10/20] COPY overlay/crt1.M1  /b/crt1.M1
#6 CACHED

#7 [linux/arm64  4/20] RUN git clone --depth 1 --recursive https://github.com/oriansj/mescc-tools mt     && make -C mt ;     for x in M1 hex2; do f="$(find mt -type f -name "$x" -perm -u+x | head -1)"; cp "$f" /usr/local/bin/; done     && command -v M1 && command -v hex2
#7 CACHED

#8 [linux/arm64  1/20] RUN apt-get update && apt-get install -y --no-install-recommends         git ca-certificates build-essential guile-3.0     && rm -rf /var/lib/apt/lists/*
#8 CACHED

#9 [linux/arm64/v8  2/20] WORKDIR /b
#9 CACHED

#10 [linux/arm64/v8 17/20] COPY overlay/run-tests.sh /b/run-tests.sh
#10 CACHED

#11 [linux/arm64/v8  9/20] COPY overlay/as.scm   mes/module/mescc/aarch64/as.scm
#11 CACHED

#12 [linux/arm64  7/20] RUN mkdir -p mes/module/mescc/aarch64
#12 CACHED

#13 [linux/arm64  6/20] RUN git clone --depth 1 https://git.savannah.nongnu.org/git/nyacc.git /opt/nyacc
#13 CACHED

#14 [linux/arm64  5/20] RUN git clone --depth 1 --recursive https://github.com/oriansj/stage0-posix s0
#14 CACHED

#15 [linux/arm64/v8 11/20] COPY overlay/extra.M1 /b/extra.M1
#15 CACHED

#16 [linux/arm64 15/20] RUN cd mes && sed -i -f /patch.sed module/mescc/mescc.scm     && grep -q 'aarch64-info' module/mescc/mescc.scm && echo "mescc.scm patched"
#16 CACHED

#17 [linux/arm64 18/20] RUN sh /b/run-tests.sh | tee /b/results.txt
#17 CACHED

#18 [linux/arm64  3/20] RUN git clone --depth 1 https://git.savannah.gnu.org/git/mes.git mes
#18 CACHED

#19 [linux/arm64/v8  8/20] COPY overlay/info.scm mes/module/mescc/aarch64/info.scm
#19 CACHED

#20 [linux/arm64 13/20] RUN cat "/b/s0/M2libc/aarch64/aarch64_defs.M1" /b/extra.M1 > /b/defs.M1
#20 CACHED

#21 [linux/arm64/v8 12/20] COPY overlay/patch.sed /patch.sed
#21 CACHED

#22 [linux/arm64 16/20] RUN printf '(use-modules (mescc))\n(mescc:main (command-line))\n' > /b/drive.scm
#22 CACHED

#23 [linux/arm64 19/20] RUN printf 'BINSIZE %s main.elf\n' "$(stat -c %s /b/main.elf)"
#23 CACHED

#24 exporting to oci image format
#24 exporting layers done
#24 exporting manifest sha256:6709aa1877ed25916646595853cd9d89321832dda3c0e42cb4f8d64aaa662625 done
#24 exporting config sha256:671cd92b9199033e85d6e5afd02abc700643c46d4f0b044211e40010cc758f92 done
#24 exporting manifest list sha256:044ff24f243ff2e08a82b12d07f471670d023fe739c62ce66e71e03895e24c30 done
#24 sending tarball
#24 sending tarball 1.0s done
#24 DONE 1.1s
Successfully built tinylang/mescc-aarch64:latest
