#1 [resolver] fetching image...docker.io/library/alpine:3.20
#1 DONE 0.0s

#2 [internal] load .dockerignore
#2 transferring context: 2B done
#2 DONE 0.0s

#3 oci-layout://docker.io/library/alpine:3.20@sha256:d9e853e87e55526f6b2917df91a2115c36dd7c696a35be12163d44e6e2a4b6bc
#3 resolve docker.io/library/alpine:3.20@sha256:d9e853e87e55526f6b2917df91a2115c36dd7c696a35be12163d44e6e2a4b6bc done
#3 DONE 0.0s

#4 [linux/arm64 1/7] RUN apk add --no-cache build-base git
#4 CACHED

#5 [linux/arm64/v8 2/7] WORKDIR /src
#5 CACHED

#6 [linux/arm64 3/7] RUN git clone --depth 1 https://github.com/zserge/partcl .
#6 0.038 Cloning into '.'...
#6 DONE 0.4s

#7 [linux/arm64 4/7] RUN cc -Os -Wall tcl.c -o tcl
#7 DONE 0.2s

#8 [linux/arm64 5/7] RUN printf '+ 40 2\n' | ./tcl | tee /smoke.out && grep -q 'result> 42' /smoke.out
#8 0.027 result> 42
#8 DONE 0.0s

#9 [linux/arm64 6/7] RUN printf 'BINSIZE %s tcl\n' "$(stat -c %s ./tcl)"
#9 0.038 BINSIZE 74664 tcl
#9 DONE 0.0s

#10 exporting to oci image format
#10 exporting layers 0.0s done
#10 exporting manifest sha256:af270fd72f1d6b7aebe2d8029617223a22f271c60174d294f236ba5a94ad0ce6 done
#10 exporting config sha256:8224748c796cf42ff085e46b784d58e32ede6f83fb15b33f03986c72d1d9f90a done
#10 exporting manifest list sha256:5a74df8bbe50d5a5cc2ec55b229000d0101a1220011b5baa348b36a190121090 done
#10 sending tarball
#10 sending tarball 0.6s done
#10 DONE 0.6s
Successfully built tinylang/partcl:latest
