#1 [resolver] fetching image...docker.io/library/debian:bookworm-slim
#1 DONE 0.0s

#2 [internal] load .dockerignore
#2 transferring context: 2B done
#2 DONE 0.0s

#3 oci-layout://docker.io/library/debian:bookworm-slim@sha256:60eac759739651111db372c07be67863818726f754804b8707c90979bda511df
#3 resolve docker.io/library/debian:bookworm-slim@sha256:60eac759739651111db372c07be67863818726f754804b8707c90979bda511df done
#3 DONE 0.0s

#4 [linux/arm64 1/7] RUN apt-get update && apt-get install -y --no-install-recommends         build-essential git ca-certificates     && rm -rf /var/lib/apt/lists/*
#4 CACHED

#5 [linux/arm64/v8 2/7] WORKDIR /src
#5 CACHED

#6 [linux/arm64 3/7] RUN git clone --depth 1 https://github.com/TinyCC/tinycc tcc     && cd tcc && ./configure && make -j"$(nproc)" && make install
#6 0.036 Cloning into 'tcc'...
#6 0.713 Binary directory    /usr/local/bin
#6 0.713 TinyCC directory    /usr/local/lib/tcc
#6 0.713 Library directory   /usr/local/lib
#6 0.713 Include directory   /usr/local/include
#6 0.713 Manual directory    /usr/local/share/man
#6 0.713 Info directory      /usr/local/share/info
#6 0.713 Doc directory       /usr/local/share/doc
#6 0.713 Source path         /src/tcc
#6 0.714 Build OS            Linux aarch64
#6 0.714 C compiler          gcc (12.2)
#6 0.714 Target OS           Linux
#6 0.714 CPU                 arm64
#6 0.714 Triplet             aarch64-linux-gnu
#6 0.714 Creating config.mak and config.h
#6 0.733 gcc -o tcc.o -c tcc.c -I. -DONE_SOURCE=0 -DTCC_GITHASH="\"2026-06-13 mob@a338258\"" -Wall -O2 -Wdeclaration-after-statement -Wno-unused-result
#6 0.733 gcc -o libtcc.o -c libtcc.c -I. -DONE_SOURCE=0 -Wall -O2 -Wdeclaration-after-statement -Wno-unused-result
#6 0.894 gcc -DC2STR conftest.c -o c2str.exe
#6 0.923 gcc -o tccgen.o -c tccgen.c -I. -Wall -O2 -Wdeclaration-after-statement -Wno-unused-result
#6 1.017 gcc -o tccdbg.o -c tccdbg.c -I. -Wall -O2 -Wdeclaration-after-statement -Wno-unused-result
#6 1.526 gcc -o tccelf.o -c tccelf.c -I. -Wall -O2 -Wdeclaration-after-statement -Wno-unused-result
#6 2.227 gcc -o tccasm.o -c tccasm.c -I. -Wall -O2 -Wdeclaration-after-statement -Wno-unused-result
#6 2.350 gcc -o tccrun.o -c tccrun.c -I. -Wall -O2 -Wdeclaration-after-statement -Wno-unused-result
#6 2.476 gcc -o arm64-gen.o -c arm64-gen.c -I. -Wall -O2 -Wdeclaration-after-statement -Wno-unused-result
#6 2.624 gcc -o arm64-link.o -c arm64-link.c -I. -Wall -O2 -Wdeclaration-after-statement -Wno-unused-result
#6 2.656 arm64-link.c: In function 'relocate':
#6 2.656 arm64-link.c:384:13: warning: ISO C90 forbids mixed declarations and code [-Wdeclaration-after-statement]
#6 2.656   384 |             int64_t tp_offset = val - tls_start + 16;
#6 2.656       |             ^~~~~~~
#6 2.717 gcc -o arm64-asm.o -c arm64-asm.c -I. -Wall -O2 -Wdeclaration-after-statement -Wno-unused-result
#6 2.958 ./c2str.exe include/tccdefs.h tccdefs_.h
#6 2.960 gcc -o tccpp.o -c tccpp.c -I. -Wall -O2 -Wdeclaration-after-statement -Wno-unused-result
#6 3.659 ar rcs libtcc.a libtcc.o tccpp.o tccgen.o tccdbg.o tccelf.o tccasm.o tccrun.o arm64-gen.o arm64-link.o arm64-asm.o
#6 3.661 gcc -o tcc tcc.o libtcc.a -lm -ldl -lpthread
#6 3.680 make[1]: Entering directory '/src/tcc/lib'
#6 3.680 ../tcc -c lib-arm64.c -o lib-arm64.o -B.. -I..
#6 3.680 ../tcc -c stdatomic.c -o stdatomic.o -B.. -I..
#6 3.682 ../tcc -c atomic.S -o atomic.o -B.. -I..
#6 3.682 ../tcc -c builtin.c -o builtin.o -B.. -I..
#6 3.682 ../tcc -c alloca.S -o alloca.o -B.. -I..
#6 3.683 ../tcc -c alloca-bt.S -o alloca-bt.o -B.. -I..
#6 3.683 ../tcc -c tcov.c -o tcov.o -B.. -I..
#6 3.683 ../tcc -c armflush.c -o armflush.o -B.. -I..
#6 3.686 ../tcc -c dsohandle.c -o dsohandle.o -B.. -I..
#6 3.686 ../tcc -c runmain.c -o ../runmain.o -B.. -I..
#6 3.686 ../tcc -c bt-exe.c -o ../bt-exe.o -B.. -I..
#6 3.687 ../tcc -c bt-log.c -o ../bt-log.o -B.. -I..
#6 3.688 ../tcc -c bcheck.c -o ../bcheck.o -B.. -I.. -bt
#6 3.693 ../tcc -ar rcs ../libtcc1.a lib-arm64.o stdatomic.o atomic.o builtin.o alloca.o alloca-bt.o tcov.o armflush.o dsohandle.o
#6 3.697 make[1]: Leaving directory '/src/tcc/lib'
#6 3.726 -> /usr/local/bin : tcc
#6 3.728 -> /usr/local/lib/tcc : libtcc1.a runmain.o bt-exe.o bt-log.o bcheck.o
#6 3.729 -> /usr/local/lib/tcc/include : ./include/*.h ./tcclib.h
#6 3.731 -> /usr/local/lib : libtcc.a
#6 3.733 -> /usr/local/include : ./libtcc.h
#6 DONE 3.8s

#7 [linux/arm64 4/7] RUN git clone --depth 1 https://github.com/lua/lua lua     && make -C lua CC=tcc -j"$(nproc)"
#7 0.044 Cloning into 'lua'...
#7 0.648 make: Entering directory '/src/lua'
#7 0.648 tcc -Wall -O2  -Wfatal-errors -Wextra -Wshadow -Wundef -Wwrite-strings -Wredundant-decls -Wdisabled-optimization -Wdouble-promotion -Wmissing-declarations -Wconversion  -Wdeclaration-after-statement -Wmissing-prototypes -Wnested-externs -Wstrict-prototypes -Wc++-compat -Wold-style-definition  -Wlogical-op -Wno-aggressive-loop-optimizations  -std=c99 -DLUA_USE_LINUX -fno-stack-protector -fno-common   -c -o lapi.o lapi.c
#7 0.648 tcc -Wall -O2  -Wfatal-errors -Wextra -Wshadow -Wundef -Wwrite-strings -Wredundant-decls -Wdisabled-optimization -Wdouble-promotion -Wmissing-declarations -Wconversion  -Wdeclaration-after-statement -Wmissing-prototypes -Wnested-externs -Wstrict-prototypes -Wc++-compat -Wold-style-definition  -Wlogical-op -Wno-aggressive-loop-optimizations  -std=c99 -DLUA_USE_LINUX -fno-stack-protector -fno-common   -c -o lcode.o lcode.c
#7 0.655 tcc -Wall -O2  -Wfatal-errors -Wextra -Wshadow -Wundef -Wwrite-strings -Wredundant-decls -Wdisabled-optimization -Wdouble-promotion -Wmissing-declarations -Wconversion  -Wdeclaration-after-statement -Wmissing-prototypes -Wnested-externs -Wstrict-prototypes -Wc++-compat -Wold-style-definition  -Wlogical-op -Wno-aggressive-loop-optimizations  -std=c99 -DLUA_USE_LINUX -fno-stack-protector -fno-common   -c -o lctype.o lctype.c
#7 0.655 tcc -Wall -O2  -Wfatal-errors -Wextra -Wshadow -Wundef -Wwrite-strings -Wredundant-decls -Wdisabled-optimization -Wdouble-promotion -Wmissing-declarations -Wconversion  -Wdeclaration-after-statement -Wmissing-prototypes -Wnested-externs -Wstrict-prototypes -Wc++-compat -Wold-style-definition  -Wlogical-op -Wno-aggressive-loop-optimizations  -std=c99 -DLUA_USE_LINUX -fno-stack-protector -fno-common   -c -o ldebug.o ldebug.c
#7 0.657 tcc -Wall -O2  -Wfatal-errors -Wextra -Wshadow -Wundef -Wwrite-strings -Wredundant-decls -Wdisabled-optimization -Wdouble-promotion -Wmissing-declarations -Wconversion  -Wdeclaration-after-statement -Wmissing-prototypes -Wnested-externs -Wstrict-prototypes -Wc++-compat -Wold-style-definition  -Wlogical-op -Wno-aggressive-loop-optimizations  -std=c99 -DLUA_USE_LINUX -fno-stack-protector -fno-common   -c -o ldo.o ldo.c
#7 0.658 tcc -Wall -O2  -Wfatal-errors -Wextra -Wshadow -Wundef -Wwrite-strings -Wredundant-decls -Wdisabled-optimization -Wdouble-promotion -Wmissing-declarations -Wconversion  -Wdeclaration-after-statement -Wmissing-prototypes -Wnested-externs -Wstrict-prototypes -Wc++-compat -Wold-style-definition  -Wlogical-op -Wno-aggressive-loop-optimizations  -std=c99 -DLUA_USE_LINUX -fno-stack-protector -fno-common   -c -o ldump.o ldump.c
#7 0.661 tcc -Wall -O2  -Wfatal-errors -Wextra -Wshadow -Wundef -Wwrite-strings -Wredundant-decls -Wdisabled-optimization -Wdouble-promotion -Wmissing-declarations -Wconversion  -Wdeclaration-after-statement -Wmissing-prototypes -Wnested-externs -Wstrict-prototypes -Wc++-compat -Wold-style-definition  -Wlogical-op -Wno-aggressive-loop-optimizations  -std=c99 -DLUA_USE_LINUX -fno-stack-protector -fno-common   -c -o lfunc.o lfunc.c
#7 0.661 tcc -Wall -O2  -Wfatal-errors -Wextra -Wshadow -Wundef -Wwrite-strings -Wredundant-decls -Wdisabled-optimization -Wdouble-promotion -Wmissing-declarations -Wconversion  -Wdeclaration-after-statement -Wmissing-prototypes -Wnested-externs -Wstrict-prototypes -Wc++-compat -Wold-style-definition  -Wlogical-op -Wno-aggressive-loop-optimizations  -std=c99 -DLUA_USE_LINUX -fno-stack-protector -fno-common   -c -o lgc.o lgc.c
#7 0.664 tcc -Wall -O2  -Wfatal-errors -Wextra -Wshadow -Wundef -Wwrite-strings -Wredundant-decls -Wdisabled-optimization -Wdouble-promotion -Wmissing-declarations -Wconversion  -Wdeclaration-after-statement -Wmissing-prototypes -Wnested-externs -Wstrict-prototypes -Wc++-compat -Wold-style-definition  -Wlogical-op -Wno-aggressive-loop-optimizations  -std=c99 -DLUA_USE_LINUX -fno-stack-protector -fno-common   -c -o llex.o llex.c
#7 0.667 tcc -Wall -O2  -Wfatal-errors -Wextra -Wshadow -Wundef -Wwrite-strings -Wredundant-decls -Wdisabled-optimization -Wdouble-promotion -Wmissing-declarations -Wconversion  -Wdeclaration-after-statement -Wmissing-prototypes -Wnested-externs -Wstrict-prototypes -Wc++-compat -Wold-style-definition  -Wlogical-op -Wno-aggressive-loop-optimizations  -std=c99 -DLUA_USE_LINUX -fno-stack-protector -fno-common   -c -o lmem.o lmem.c
#7 0.667 tcc -Wall -O2  -Wfatal-errors -Wextra -Wshadow -Wundef -Wwrite-strings -Wredundant-decls -Wdisabled-optimization -Wdouble-promotion -Wmissing-declarations -Wconversion  -Wdeclaration-after-statement -Wmissing-prototypes -Wnested-externs -Wstrict-prototypes -Wc++-compat -Wold-style-definition  -Wlogical-op -Wno-aggressive-loop-optimizations  -std=c99 -DLUA_USE_LINUX -fno-stack-protector -fno-common   -c -o lobject.o lobject.c
#7 0.669 tcc -Wall -O2  -Wfatal-errors -Wextra -Wshadow -Wundef -Wwrite-strings -Wredundant-decls -Wdisabled-optimization -Wdouble-promotion -Wmissing-declarations -Wconversion  -Wdeclaration-after-statement -Wmissing-prototypes -Wnested-externs -Wstrict-prototypes -Wc++-compat -Wold-style-definition  -Wlogical-op -Wno-aggressive-loop-optimizations  -std=c99 -DLUA_USE_LINUX -fno-stack-protector -fno-common   -c -o lopcodes.o lopcodes.c
#7 0.671 tcc -Wall -O2  -Wfatal-errors -Wextra -Wshadow -Wundef -Wwrite-strings -Wredundant-decls -Wdisabled-optimization -Wdouble-promotion -Wmissing-declarations -Wconversion  -Wdeclaration-after-statement -Wmissing-prototypes -Wnested-externs -Wstrict-prototypes -Wc++-compat -Wold-style-definition  -Wlogical-op -Wno-aggressive-loop-optimizations  -std=c99 -DLUA_USE_LINUX -fno-stack-protector -fno-common   -c -o lparser.o lparser.c
#7 0.672 tcc -Wall -O2  -Wfatal-errors -Wextra -Wshadow -Wundef -Wwrite-strings -Wredundant-decls -Wdisabled-optimization -Wdouble-promotion -Wmissing-declarations -Wconversion  -Wdeclaration-after-statement -Wmissing-prototypes -Wnested-externs -Wstrict-prototypes -Wc++-compat -Wold-style-definition  -Wlogical-op -Wno-aggressive-loop-optimizations  -std=c99 -DLUA_USE_LINUX -fno-stack-protector -fno-common   -c -o lstate.o lstate.c
#7 0.675 tcc -Wall -O2  -Wfatal-errors -Wextra -Wshadow -Wundef -Wwrite-strings -Wredundant-decls -Wdisabled-optimization -Wdouble-promotion -Wmissing-declarations -Wconversion  -Wdeclaration-after-statement -Wmissing-prototypes -Wnested-externs -Wstrict-prototypes -Wc++-compat -Wold-style-definition  -Wlogical-op -Wno-aggressive-loop-optimizations  -std=c99 -DLUA_USE_LINUX -fno-stack-protector -fno-common   -c -o lstring.o lstring.c
#7 0.675 tcc -Wall -O2  -Wfatal-errors -Wextra -Wshadow -Wundef -Wwrite-strings -Wredundant-decls -Wdisabled-optimization -Wdouble-promotion -Wmissing-declarations -Wconversion  -Wdeclaration-after-statement -Wmissing-prototypes -Wnested-externs -Wstrict-prototypes -Wc++-compat -Wold-style-definition  -Wlogical-op -Wno-aggressive-loop-optimizations  -std=c99 -DLUA_USE_LINUX -fno-stack-protector -fno-common   -c -o ltable.o ltable.c
#7 0.678 tcc -Wall -O2  -Wfatal-errors -Wextra -Wshadow -Wundef -Wwrite-strings -Wredundant-decls -Wdisabled-optimization -Wdouble-promotion -Wmissing-declarations -Wconversion  -Wdeclaration-after-statement -Wmissing-prototypes -Wnested-externs -Wstrict-prototypes -Wc++-compat -Wold-style-definition  -Wlogical-op -Wno-aggressive-loop-optimizations  -std=c99 -DLUA_USE_LINUX -fno-stack-protector -fno-common   -c -o ltm.o ltm.c
#7 0.681 tcc -Wall -O2  -Wfatal-errors -Wextra -Wshadow -Wundef -Wwrite-strings -Wredundant-decls -Wdisabled-optimization -Wdouble-promotion -Wmissing-declarations -Wconversion  -Wdeclaration-after-statement -Wmissing-prototypes -Wnested-externs -Wstrict-prototypes -Wc++-compat -Wold-style-definition  -Wlogical-op -Wno-aggressive-loop-optimizations  -std=c99 -DLUA_USE_LINUX -fno-stack-protector -fno-common   -c -o lundump.o lundump.c
#7 0.681 tcc -Wall -O2  -Wfatal-errors -Wextra -Wshadow -Wundef -Wwrite-strings -Wredundant-decls -Wdisabled-optimization -Wdouble-promotion -Wmissing-declarations -Wconversion  -Wdeclaration-after-statement -Wmissing-prototypes -Wnested-externs -Wstrict-prototypes -Wc++-compat -Wold-style-definition  -Wlogical-op -Wno-aggressive-loop-optimizations  -std=c99 -DLUA_USE_LINUX -fno-stack-protector -fno-common   -c -o lvm.o lvm.c
#7 0.686 tcc -Wall -O2  -Wfatal-errors -Wextra -Wshadow -Wundef -Wwrite-strings -Wredundant-decls -Wdisabled-optimization -Wdouble-promotion -Wmissing-declarations -Wconversion  -Wdeclaration-after-statement -Wmissing-prototypes -Wnested-externs -Wstrict-prototypes -Wc++-compat -Wold-style-definition  -Wlogical-op -Wno-aggressive-loop-optimizations  -std=c99 -DLUA_USE_LINUX -fno-stack-protector -fno-common   -c -o lzio.o lzio.c
#7 0.688 tcc -Wall -O2  -Wfatal-errors -Wextra -Wshadow -Wundef -Wwrite-strings -Wredundant-decls -Wdisabled-optimization -Wdouble-promotion -Wmissing-declarations -Wconversion  -Wdeclaration-after-statement -Wmissing-prototypes -Wnested-externs -Wstrict-prototypes -Wc++-compat -Wold-style-definition  -Wlogical-op -Wno-aggressive-loop-optimizations  -std=c99 -DLUA_USE_LINUX -fno-stack-protector -fno-common   -c -o ltests.o ltests.c
#7 0.691 tcc -Wall -O2  -Wfatal-errors -Wextra -Wshadow -Wundef -Wwrite-strings -Wredundant-decls -Wdisabled-optimization -Wdouble-promotion -Wmissing-declarations -Wconversion  -Wdeclaration-after-statement -Wmissing-prototypes -Wnested-externs -Wstrict-prototypes -Wc++-compat -Wold-style-definition  -Wlogical-op -Wno-aggressive-loop-optimizations  -std=c99 -DLUA_USE_LINUX -fno-stack-protector -fno-common   -c -o lauxlib.o lauxlib.c
#7 0.692 tcc -Wall -O2  -Wfatal-errors -Wextra -Wshadow -Wundef -Wwrite-strings -Wredundant-decls -Wdisabled-optimization -Wdouble-promotion -Wmissing-declarations -Wconversion  -Wdeclaration-after-statement -Wmissing-prototypes -Wnested-externs -Wstrict-prototypes -Wc++-compat -Wold-style-definition  -Wlogical-op -Wno-aggressive-loop-optimizations  -std=c99 -DLUA_USE_LINUX -fno-stack-protector -fno-common   -c -o lbaselib.o lbaselib.c
#7 0.694 tcc -Wall -O2  -Wfatal-errors -Wextra -Wshadow -Wundef -Wwrite-strings -Wredundant-decls -Wdisabled-optimization -Wdouble-promotion -Wmissing-declarations -Wconversion  -Wdeclaration-after-statement -Wmissing-prototypes -Wnested-externs -Wstrict-prototypes -Wc++-compat -Wold-style-definition  -Wlogical-op -Wno-aggressive-loop-optimizations  -std=c99 -DLUA_USE_LINUX -fno-stack-protector -fno-common   -c -o ldblib.o ldblib.c
#7 0.695 tcc -Wall -O2  -Wfatal-errors -Wextra -Wshadow -Wundef -Wwrite-strings -Wredundant-decls -Wdisabled-optimization -Wdouble-promotion -Wmissing-declarations -Wconversion  -Wdeclaration-after-statement -Wmissing-prototypes -Wnested-externs -Wstrict-prototypes -Wc++-compat -Wold-style-definition  -Wlogical-op -Wno-aggressive-loop-optimizations  -std=c99 -DLUA_USE_LINUX -fno-stack-protector -fno-common   -c -o liolib.o liolib.c
#7 0.697 tcc -Wall -O2  -Wfatal-errors -Wextra -Wshadow -Wundef -Wwrite-strings -Wredundant-decls -Wdisabled-optimization -Wdouble-promotion -Wmissing-declarations -Wconversion  -Wdeclaration-after-statement -Wmissing-prototypes -Wnested-externs -Wstrict-prototypes -Wc++-compat -Wold-style-definition  -Wlogical-op -Wno-aggressive-loop-optimizations  -std=c99 -DLUA_USE_LINUX -fno-stack-protector -fno-common   -c -o lmathlib.o lmathlib.c
#7 0.698 tcc -Wall -O2  -Wfatal-errors -Wextra -Wshadow -Wundef -Wwrite-strings -Wredundant-decls -Wdisabled-optimization -Wdouble-promotion -Wmissing-declarations -Wconversion  -Wdeclaration-after-statement -Wmissing-prototypes -Wnested-externs -Wstrict-prototypes -Wc++-compat -Wold-style-definition  -Wlogical-op -Wno-aggressive-loop-optimizations  -std=c99 -DLUA_USE_LINUX -fno-stack-protector -fno-common   -c -o loslib.o loslib.c
#7 0.700 tcc -Wall -O2  -Wfatal-errors -Wextra -Wshadow -Wundef -Wwrite-strings -Wredundant-decls -Wdisabled-optimization -Wdouble-promotion -Wmissing-declarations -Wconversion  -Wdeclaration-after-statement -Wmissing-prototypes -Wnested-externs -Wstrict-prototypes -Wc++-compat -Wold-style-definition  -Wlogical-op -Wno-aggressive-loop-optimizations  -std=c99 -DLUA_USE_LINUX -fno-stack-protector -fno-common   -c -o ltablib.o ltablib.c
#7 0.702 tcc -Wall -O2  -Wfatal-errors -Wextra -Wshadow -Wundef -Wwrite-strings -Wredundant-decls -Wdisabled-optimization -Wdouble-promotion -Wmissing-declarations -Wconversion  -Wdeclaration-after-statement -Wmissing-prototypes -Wnested-externs -Wstrict-prototypes -Wc++-compat -Wold-style-definition  -Wlogical-op -Wno-aggressive-loop-optimizations  -std=c99 -DLUA_USE_LINUX -fno-stack-protector -fno-common   -c -o lstrlib.o lstrlib.c
#7 0.703 tcc -Wall -O2  -Wfatal-errors -Wextra -Wshadow -Wundef -Wwrite-strings -Wredundant-decls -Wdisabled-optimization -Wdouble-promotion -Wmissing-declarations -Wconversion  -Wdeclaration-after-statement -Wmissing-prototypes -Wnested-externs -Wstrict-prototypes -Wc++-compat -Wold-style-definition  -Wlogical-op -Wno-aggressive-loop-optimizations  -std=c99 -DLUA_USE_LINUX -fno-stack-protector -fno-common   -c -o lutf8lib.o lutf8lib.c
#7 0.705 tcc -Wall -O2  -Wfatal-errors -Wextra -Wshadow -Wundef -Wwrite-strings -Wredundant-decls -Wdisabled-optimization -Wdouble-promotion -Wmissing-declarations -Wconversion  -Wdeclaration-after-statement -Wmissing-prototypes -Wnested-externs -Wstrict-prototypes -Wc++-compat -Wold-style-definition  -Wlogical-op -Wno-aggressive-loop-optimizations  -std=c99 -DLUA_USE_LINUX -fno-stack-protector -fno-common   -c -o loadlib.o loadlib.c
#7 0.707 tcc -Wall -O2  -Wfatal-errors -Wextra -Wshadow -Wundef -Wwrite-strings -Wredundant-decls -Wdisabled-optimization -Wdouble-promotion -Wmissing-declarations -Wconversion  -Wdeclaration-after-statement -Wmissing-prototypes -Wnested-externs -Wstrict-prototypes -Wc++-compat -Wold-style-definition  -Wlogical-op -Wno-aggressive-loop-optimizations  -std=c99 -DLUA_USE_LINUX -fno-stack-protector -fno-common   -c -o lcorolib.o lcorolib.c
#7 0.708 tcc -Wall -O2  -Wfatal-errors -Wextra -Wshadow -Wundef -Wwrite-strings -Wredundant-decls -Wdisabled-optimization -Wdouble-promotion -Wmissing-declarations -Wconversion  -Wdeclaration-after-statement -Wmissing-prototypes -Wnested-externs -Wstrict-prototypes -Wc++-compat -Wold-style-definition  -Wlogical-op -Wno-aggressive-loop-optimizations  -std=c99 -DLUA_USE_LINUX -fno-stack-protector -fno-common   -c -o linit.o linit.c
#7 0.709 tcc -Wall -O2  -Wfatal-errors -Wextra -Wshadow -Wundef -Wwrite-strings -Wredundant-decls -Wdisabled-optimization -Wdouble-promotion -Wmissing-declarations -Wconversion  -Wdeclaration-after-statement -Wmissing-prototypes -Wnested-externs -Wstrict-prototypes -Wc++-compat -Wold-style-definition  -Wlogical-op -Wno-aggressive-loop-optimizations  -std=c99 -DLUA_USE_LINUX -fno-stack-protector -fno-common   -c -o lua.o lua.c
#7 0.710 ar rc liblua.a lapi.o lcode.o lctype.o ldebug.o ldo.o ldump.o lfunc.o lgc.o llex.o lmem.o lobject.o lopcodes.o lparser.o lstate.o lstring.o ltable.o ltm.o lundump.o lvm.o lzio.o ltests.o lauxlib.o lbaselib.o ldblib.o liolib.o lmathlib.o loslib.o ltablib.o lstrlib.o lutf8lib.o loadlib.o lcorolib.o linit.o
#7 0.714 ranlib liblua.a
#7 0.719 tcc -o lua -Wl,-E lua.o liblua.a -lm -ldl 
#7 0.723 touch all
#7 0.724 make: Leaving directory '/src/lua'
#7 DONE 0.7s

#8 [linux/arm64 5/7] RUN printf 'print("ok-tcc-built-lua " .. _VERSION)\n' > /smoke.lua     && /src/lua/lua /smoke.lua | tee /smoke.out && grep -q '^ok-tcc-built-lua' /smoke.out
#8 0.032 ok-tcc-built-lua Lua 5.5
#8 DONE 0.0s

#9 [linux/arm64 6/7] RUN printf 'BINSIZE %s lua\n' "$(stat -c %s /src/lua/lua)"
#9 0.028 BINSIZE 501022 lua
#9 DONE 0.0s

#10 exporting to oci image format
#10 exporting layers
#10 exporting layers 0.3s done
#10 exporting manifest sha256:df6d952949d9f16cd1d7744a55934816245b291b19061b66a93dcb68b5cd5322 done
#10 exporting config sha256:32ce6df7cc117aa798d02439d392ae8519c2c5f36486898452a7e331665852e3 done
#10 exporting manifest list sha256:0ac80d5b06a544cb3783fca9685b1958ab706749d8debf3738e1398670df00b8 done
#10 sending tarball
#10 sending tarball 1.0s done
#10 DONE 1.2s
Successfully built tinylang/tcc-builds-lua:latest
