#1 [resolver] fetching image...docker.io/library/debian:bookworm-slim
#1 DONE 0.0s

#2 [internal] load .dockerignore
#2 transferring context: 2B done
#2 DONE 0.0s

#3 oci-layout://docker.io/library/debian:bookworm-slim@sha256:60eac759739651111db372c07be67863818726f754804b8707c90979bda511df
#3 resolve docker.io/library/debian:bookworm-slim@sha256:60eac759739651111db372c07be67863818726f754804b8707c90979bda511df done
#3 DONE 0.0s

#4 [linux/arm64 1/7] RUN apt-get update && apt-get install -y --no-install-recommends         build-essential git ca-certificates     && rm -rf /var/lib/apt/lists/*
#4 CACHED

#5 [linux/arm64/v8 2/7] WORKDIR /src
#5 CACHED

#6 [linux/arm64 3/7] RUN git clone --depth 1 https://github.com/TinyCC/tinycc.git .
#6 CACHED

#7 [linux/arm64 4/7] RUN ./configure && make -j"$(nproc)" && make install
#7 0.083 Binary directory    /usr/local/bin
#7 0.083 TinyCC directory    /usr/local/lib/tcc
#7 0.083 Library directory   /usr/local/lib
#7 0.083 Include directory   /usr/local/include
#7 0.083 Manual directory    /usr/local/share/man
#7 0.083 Info directory      /usr/local/share/info
#7 0.083 Doc directory       /usr/local/share/doc
#7 0.083 Source path         /src
#7 0.083 Build OS            Linux aarch64
#7 0.083 C compiler          gcc (12.2)
#7 0.083 Target OS           Linux
#7 0.083 CPU                 arm64
#7 0.083 Triplet             aarch64-linux-gnu
#7 0.083 Creating config.mak and config.h
#7 0.106 gcc -o tcc.o -c tcc.c -I. -DONE_SOURCE=0 -DTCC_GITHASH="\"2026-06-13 mob@a338258\"" -Wall -O2 -Wdeclaration-after-statement -Wno-unused-result
#7 0.106 gcc -o libtcc.o -c libtcc.c -I. -DONE_SOURCE=0 -Wall -O2 -Wdeclaration-after-statement -Wno-unused-result
#7 0.266 gcc -DC2STR conftest.c -o c2str.exe
#7 0.295 gcc -o tccgen.o -c tccgen.c -I. -Wall -O2 -Wdeclaration-after-statement -Wno-unused-result
#7 0.384 gcc -o tccdbg.o -c tccdbg.c -I. -Wall -O2 -Wdeclaration-after-statement -Wno-unused-result
#7 0.874 gcc -o tccelf.o -c tccelf.c -I. -Wall -O2 -Wdeclaration-after-statement -Wno-unused-result
#7 1.562 gcc -o tccasm.o -c tccasm.c -I. -Wall -O2 -Wdeclaration-after-statement -Wno-unused-result
#7 1.685 gcc -o tccrun.o -c tccrun.c -I. -Wall -O2 -Wdeclaration-after-statement -Wno-unused-result
#7 1.800 gcc -o arm64-gen.o -c arm64-gen.c -I. -Wall -O2 -Wdeclaration-after-statement -Wno-unused-result
#7 1.951 gcc -o arm64-link.o -c arm64-link.c -I. -Wall -O2 -Wdeclaration-after-statement -Wno-unused-result
#7 1.987 arm64-link.c: In function 'relocate':
#7 1.987 arm64-link.c:384:13: warning: ISO C90 forbids mixed declarations and code [-Wdeclaration-after-statement]
#7 1.987   384 |             int64_t tp_offset = val - tls_start + 16;
#7 1.987       |             ^~~~~~~
#7 2.044 gcc -o arm64-asm.o -c arm64-asm.c -I. -Wall -O2 -Wdeclaration-after-statement -Wno-unused-result
#7 2.277 ./c2str.exe include/tccdefs.h tccdefs_.h
#7 2.278 gcc -o tccpp.o -c tccpp.c -I. -Wall -O2 -Wdeclaration-after-statement -Wno-unused-result
#7 2.956 ar rcs libtcc.a libtcc.o tccpp.o tccgen.o tccdbg.o tccelf.o tccasm.o tccrun.o arm64-gen.o arm64-link.o arm64-asm.o
#7 2.958 gcc -o tcc tcc.o libtcc.a -lm -ldl -lpthread
#7 2.977 make[1]: Entering directory '/src/lib'
#7 2.977 ../tcc -c lib-arm64.c -o lib-arm64.o -B.. -I..
#7 2.977 ../tcc -c stdatomic.c -o stdatomic.o -B.. -I..
#7 2.978 ../tcc -c atomic.S -o atomic.o -B.. -I..
#7 2.979 ../tcc -c builtin.c -o builtin.o -B.. -I..
#7 2.979 ../tcc -c alloca.S -o alloca.o -B.. -I..
#7 2.979 ../tcc -c alloca-bt.S -o alloca-bt.o -B.. -I..
#7 2.980 ../tcc -c tcov.c -o tcov.o -B.. -I..
#7 2.980 ../tcc -c armflush.c -o armflush.o -B.. -I..
#7 2.980 ../tcc -c dsohandle.c -o dsohandle.o -B.. -I..
#7 2.981 ../tcc -c runmain.c -o ../runmain.o -B.. -I..
#7 2.982 ../tcc -c bt-exe.c -o ../bt-exe.o -B.. -I..
#7 2.983 ../tcc -c bt-log.c -o ../bt-log.o -B.. -I..
#7 2.984 ../tcc -c bcheck.c -o ../bcheck.o -B.. -I.. -bt
#7 2.989 ../tcc -ar rcs ../libtcc1.a lib-arm64.o stdatomic.o atomic.o builtin.o alloca.o alloca-bt.o tcov.o armflush.o dsohandle.o
#7 2.991 make[1]: Leaving directory '/src/lib'
#7 3.020 -> /usr/local/bin : tcc
#7 3.023 -> /usr/local/lib/tcc : libtcc1.a runmain.o bt-exe.o bt-log.o bcheck.o
#7 3.024 -> /usr/local/lib/tcc/include : ./include/*.h ./tcclib.h
#7 3.026 -> /usr/local/lib : libtcc.a
#7 3.027 -> /usr/local/include : ./libtcc.h
#7 DONE 3.0s

#8 [linux/arm64 5/7] RUN printf '#include <stdio.h>\nint main(){printf("ok-tcc\\n");return 0;}\n' > /smoke.c     && tcc -run /smoke.c | tee /smoke.out && grep -q '^ok-tcc' /smoke.out
#8 0.034 ok-tcc
#8 DONE 0.0s

#9 [linux/arm64 6/7] RUN printf 'BINSIZE %s tcc\n' "$(stat -c %s "$(command -v tcc)")"
#9 0.034 BINSIZE 427968 tcc
#9 DONE 0.0s

#10 exporting to oci image format
#10 exporting layers
#10 exporting layers 8.4s done
#10 exporting manifest sha256:5f8413094038329673659327c01ee4e15c9e4fb9c66e2be16465063cff855160 done
#10 exporting config sha256:fb3554acfa07222bbebd05f17e6ecc8d85e28c4b959fe16e78e0649a431936fc done
#10 exporting manifest list sha256:87a762ef3cbd987db14836bfb4aa41f78bac7f6885287eaa85ecf39a15fad293 done
#10 sending tarball
#10 sending tarball 1.1s done
#10 DONE 9.4s
Successfully built tinylang/tcc:latest
